# JRE version: OpenJDK Runtime Environment (17.0.6) (build 17.0.6+0-b2043.56-9586694)
# Java VM: OpenJDK 64-Bit Server VM (17.0.6+0-b2043.56-9586694, mixed mode, tiered, compressed oops, compressed class ptrs, g1 gc, windows-amd64)
GC Precious Log:
 CPUs: 8 total, 8 available
 Memory: 6020M
 Large Page Support: Disabled
 NUMA Support: Disabled
 Compressed Oops: Enabled (32-bit)
 Heap Region Size: 1M
 Heap Min Capacity: 8M
 Heap Initial Capacity: 96M
 Heap Max Capacity: 2G
 Pre-touch: Disabled
 Parallel Workers: 8
 Concurrent Workers: 2
 Concurrent Refinement Workers: 8
 Periodic GC: Disabled
Heap:
 garbage-first heap   total 252928K, used 179463K [0x0000000080000000, 0x0000000100000000)
  region size 1024K, 29 young (29696K), 10 survivors (10240K)
 Metaspace       used 102456K, committed 103232K, reserved 1138688K
  class space    used 13931K, committed 14272K, reserved 1048576K
GC Heap History (20 events):
Event: 11.657 GC heap before
{Heap before GC invocations=20 (full 0):
 garbage-first heap   total 131072K, used 103472K [0x0000000080000000, 0x0000000100000000)
  region size 1024K, 49 young (50176K), 4 survivors (4096K)
 Metaspace       used 71824K, committed 72384K, reserved 1114112K
  class space    used 9704K, committed 9920K, reserved 1048576K
}
Event: 11.663 GC heap after
{Heap after GC invocations=21 (full 0):
 garbage-first heap   total 131072K, used 60232K [0x0000000080000000, 0x0000000100000000)
  region size 1024K, 7 young (7168K), 7 survivors (7168K)
 Metaspace       used 71824K, committed 72384K, reserved 1114112K
  class space    used 9704K, committed 9920K, reserved 1048576K
}
Event: 12.136 GC heap before
{Heap before GC invocations=21 (full 0):
 garbage-first heap   total 131072K, used 104264K [0x0000000080000000, 0x0000000100000000)
  region size 1024K, 50 young (51200K), 7 survivors (7168K)
 Metaspace       used 74318K, committed 74880K, reserved 1114112K
  class space    used 10083K, committed 10304K, reserved 1048576K
}
Event: 12.144 GC heap after
{Heap after GC invocations=22 (full 0):
 garbage-first heap   total 131072K, used 63827K [0x0000000080000000, 0x0000000100000000)
  region size 1024K, 7 young (7168K), 7 survivors (7168K)
 Metaspace       used 74318K, committed 74880K, reserved 1114112K
  class space    used 10083K, committed 10304K, reserved 1048576K
}
Event: 12.787 GC heap before
{Heap before GC invocations=22 (full 0):
 garbage-first heap   total 131072K, used 105811K [0x0000000080000000, 0x0000000100000000)
  region size 1024K, 48 young (49152K), 7 survivors (7168K)
 Metaspace       used 77471K, committed 78080K, reserved 1122304K
  class space    used 10551K, committed 10816K, reserved 1048576K
}
Event: 12.795 GC heap after
{Heap after GC invocations=23 (full 0):
 garbage-first heap   total 131072K, used 67811K [0x0000000080000000, 0x0000000100000000)
  region size 1024K, 4 young (4096K), 4 survivors (4096K)
 Metaspace       used 77471K, committed 78080K, reserved 1122304K
  class space    used 10551K, committed 10816K, reserved 1048576K
}
Event: 13.424 GC heap before
{Heap before GC invocations=23 (full 0):
 garbage-first heap   total 131072K, used 106723K [0x0000000080000000, 0x0000000100000000)
  region size 1024K, 42 young (43008K), 4 survivors (4096K)
 Metaspace       used 81800K, committed 82368K, reserved 1122304K
  class space    used 11173K, committed 11456K, reserved 1048576K
}
Event: 13.433 GC heap after
{Heap after GC invocations=24 (full 0):
 garbage-first heap   total 293888K, used 71123K [0x0000000080000000, 0x0000000100000000)
  region size 1024K, 4 young (4096K), 4 survivors (4096K)
 Metaspace       used 81800K, committed 82368K, reserved 1122304K
  class space    used 11173K, committed 11456K, reserved 1048576K
}
Event: 15.428 GC heap before
{Heap before GC invocations=25 (full 0):
 garbage-first heap   total 252928K, used 217555K [0x0000000080000000, 0x0000000100000000)
  region size 1024K, 148 young (151552K), 4 survivors (4096K)
 Metaspace       used 85589K, committed 86272K, reserved 1130496K
  class space    used 11802K, committed 12096K, reserved 1048576K
}
Event: 15.445 GC heap after
{Heap after GC invocations=26 (full 0):
 garbage-first heap   total 252928K, used 85886K [0x0000000080000000, 0x0000000100000000)
  region size 1024K, 18 young (18432K), 18 survivors (18432K)
 Metaspace       used 85589K, committed 86272K, reserved 1130496K
  class space    used 11802K, committed 12096K, reserved 1048576K
}
Event: 15.458 GC heap before
{Heap before GC invocations=26 (full 0):
 garbage-first heap   total 252928K, used 86910K [0x0000000080000000, 0x0000000100000000)
  region size 1024K, 19 young (19456K), 18 survivors (18432K)
 Metaspace       used 85598K, committed 86272K, reserved 1130496K
  class space    used 11802K, committed 12096K, reserved 1048576K
}
Event: 15.470 GC heap after
{Heap after GC invocations=27 (full 0):
 garbage-first heap   total 252928K, used 87757K [0x0000000080000000, 0x0000000100000000)
  region size 1024K, 3 young (3072K), 3 survivors (3072K)
 Metaspace       used 85598K, committed 86272K, reserved 1130496K
  class space    used 11802K, committed 12096K, reserved 1048576K
}
Event: 16.971 GC heap before
{Heap before GC invocations=27 (full 0):
 garbage-first heap   total 252928K, used 192205K [0x0000000080000000, 0x0000000100000000)
  region size 1024K, 106 young (108544K), 3 survivors (3072K)
 Metaspace       used 90351K, committed 91072K, reserved 1130496K
  class space    used 12307K, committed 12608K, reserved 1048576K
}
Event: 16.982 GC heap after
{Heap after GC invocations=28 (full 0):
 garbage-first heap   total 252928K, used 92931K [0x0000000080000000, 0x0000000100000000)
  region size 1024K, 8 young (8192K), 8 survivors (8192K)
 Metaspace       used 90351K, committed 91072K, reserved 1130496K
  class space    used 12307K, committed 12608K, reserved 1048576K
}
Event: 18.500 GC heap before
{Heap before GC invocations=28 (full 0):
 garbage-first heap   total 252928K, used 196355K [0x0000000080000000, 0x0000000100000000)
  region size 1024K, 110 young (112640K), 8 survivors (8192K)
 Metaspace       used 97293K, committed 98048K, reserved 1138688K
  class space    used 13228K, committed 13568K, reserved 1048576K
}
Event: 18.513 GC heap after
{Heap after GC invocations=29 (full 0):
 garbage-first heap   total 252928K, used 99805K [0x0000000080000000, 0x0000000100000000)
  region size 1024K, 7 young (7168K), 7 survivors (7168K)
 Metaspace       used 97293K, committed 98048K, reserved 1138688K
  class space    used 13228K, committed 13568K, reserved 1048576K
}
Event: 19.082 GC heap before
{Heap before GC invocations=29 (full 0):
 garbage-first heap   total 252928K, used 201181K [0x0000000080000000, 0x0000000100000000)
  region size 1024K, 107 young (109568K), 7 survivors (7168K)
 Metaspace       used 98437K, committed 99136K, reserved 1138688K
  class space    used 13357K, committed 13696K, reserved 1048576K
}
Event: 19.099 GC heap after
{Heap after GC invocations=30 (full 0):
 garbage-first heap   total 252928K, used 110167K [0x0000000080000000, 0x0000000100000000)
  region size 1024K, 14 young (14336K), 14 survivors (14336K)
 Metaspace       used 98437K, committed 99136K, reserved 1138688K
  class space    used 13357K, committed 13696K, reserved 1048576K
}
Event: 20.025 GC heap before
{Heap before GC invocations=30 (full 0):
 garbage-first heap   total 252928K, used 216663K [0x0000000080000000, 0x0000000100000000)
  region size 1024K, 103 young (105472K), 14 survivors (14336K)
 Metaspace       used 102105K, committed 102784K, reserved 1138688K
  class space    used 13878K, committed 14208K, reserved 1048576K
}
Event: 20.040 GC heap after
{Heap after GC invocations=31 (full 0):
 garbage-first heap   total 252928K, used 134407K [0x0000000080000000, 0x0000000100000000)
  region size 1024K, 10 young (10240K), 10 survivors (10240K)
 Metaspace       used 102105K, committed 102784K, reserved 1138688K
  class space    used 13878K, committed 14208K, reserved 1048576K
}

