# JRE version: OpenJDK Runtime Environment (17.0.6) (build 17.0.6+0-b2043.56-9586694)
# Java VM: OpenJDK 64-Bit Server VM (17.0.6+0-b2043.56-9586694, mixed mode, tiered, compressed oops, compressed class ptrs, g1 gc, windows-amd64)
GC Precious Log:
 CPUs: 8 total, 8 available
 Memory: 6020M
 Large Page Support: Disabled
 NUMA Support: Disabled
 Compressed Oops: Enabled (32-bit)
 Heap Region Size: 1M
 Heap Min Capacity: 8M
 Heap Initial Capacity: 96M
 Heap Max Capacity: 2G
 Pre-touch: Disabled
 Parallel Workers: 8
 Concurrent Workers: 2
 Concurrent Refinement Workers: 8
 Periodic GC: Disabled
Heap:
 garbage-first heap   total 239616K, used 178194K [0x0000000080000000, 0x0000000100000000)
  region size 1024K, 38 young (38912K), 9 survivors (9216K)
 Metaspace       used 111965K, committed 112704K, reserved 1146880K
  class space    used 15277K, committed 15616K, reserved 1048576K
GC Heap History (20 events):
Event: 17.346 GC heap before
{Heap before GC invocations=33 (full 0):
 garbage-first heap   total 199680K, used 153600K [0x0000000080000000, 0x0000000100000000)
  region size 1024K, 74 young (75776K), 5 survivors (5120K)
 Metaspace       used 86040K, committed 86656K, reserved 1130496K
  class space    used 11814K, committed 12096K, reserved 1048576K
}
Event: 17.356 GC heap after
{Heap after GC invocations=34 (full 0):
 garbage-first heap   total 199680K, used 88061K [0x0000000080000000, 0x0000000100000000)
  region size 1024K, 9 young (9216K), 9 survivors (9216K)
 Metaspace       used 86040K, committed 86656K, reserved 1130496K
  class space    used 11814K, committed 12096K, reserved 1048576K
}
Event: 18.808 GC heap before
{Heap before GC invocations=34 (full 0):
 garbage-first heap   total 199680K, used 157693K [0x0000000080000000, 0x0000000100000000)
  region size 1024K, 78 young (79872K), 9 survivors (9216K)
 Metaspace       used 91770K, committed 92480K, reserved 1130496K
  class space    used 12545K, committed 12864K, reserved 1048576K
}
Event: 18.822 GC heap after
{Heap after GC invocations=35 (full 0):
 garbage-first heap   total 199680K, used 93596K [0x0000000080000000, 0x0000000100000000)
  region size 1024K, 10 young (10240K), 10 survivors (10240K)
 Metaspace       used 91770K, committed 92480K, reserved 1130496K
  class space    used 12545K, committed 12864K, reserved 1048576K
}
Event: 19.454 GC heap before
{Heap before GC invocations=35 (full 0):
 garbage-first heap   total 199680K, used 158108K [0x0000000080000000, 0x0000000100000000)
  region size 1024K, 74 young (75776K), 10 survivors (10240K)
 Metaspace       used 94060K, committed 94784K, reserved 1130496K
  class space    used 12831K, committed 13184K, reserved 1048576K
}
Event: 19.467 GC heap after
{Heap after GC invocations=36 (full 0):
 garbage-first heap   total 199680K, used 98494K [0x0000000080000000, 0x0000000100000000)
  region size 1024K, 5 young (5120K), 5 survivors (5120K)
 Metaspace       used 94060K, committed 94784K, reserved 1130496K
  class space    used 12831K, committed 13184K, reserved 1048576K
}
Event: 20.033 GC heap before
{Heap before GC invocations=36 (full 0):
 garbage-first heap   total 199680K, used 159934K [0x0000000080000000, 0x0000000100000000)
  region size 1024K, 66 young (67584K), 5 survivors (5120K)
 Metaspace       used 96627K, committed 97280K, reserved 1138688K
  class space    used 13180K, committed 13504K, reserved 1048576K
}
Event: 20.044 GC heap after
{Heap after GC invocations=37 (full 0):
 garbage-first heap   total 199680K, used 104448K [0x0000000080000000, 0x0000000100000000)
  region size 1024K, 9 young (9216K), 9 survivors (9216K)
 Metaspace       used 96627K, committed 97280K, reserved 1138688K
  class space    used 13180K, committed 13504K, reserved 1048576K
}
Event: 20.599 GC heap before
{Heap before GC invocations=37 (full 0):
 garbage-first heap   total 199680K, used 162816K [0x0000000080000000, 0x0000000100000000)
  region size 1024K, 66 young (67584K), 9 survivors (9216K)
 Metaspace       used 100545K, committed 101248K, reserved 1138688K
  class space    used 13758K, committed 14080K, reserved 1048576K
}
Event: 20.613 GC heap after
{Heap after GC invocations=38 (full 0):
 garbage-first heap   total 199680K, used 110861K [0x0000000080000000, 0x0000000100000000)
  region size 1024K, 6 young (6144K), 6 survivors (6144K)
 Metaspace       used 100545K, committed 101248K, reserved 1138688K
  class space    used 13758K, committed 14080K, reserved 1048576K
}
Event: 20.956 GC heap before
{Heap before GC invocations=38 (full 0):
 garbage-first heap   total 199680K, used 165133K [0x0000000080000000, 0x0000000100000000)
  region size 1024K, 58 young (59392K), 6 survivors (6144K)
 Metaspace       used 102781K, committed 103488K, reserved 1138688K
  class space    used 14019K, committed 14336K, reserved 1048576K
}
Event: 20.961 GC heap after
{Heap after GC invocations=39 (full 0):
 garbage-first heap   total 199680K, used 110127K [0x0000000080000000, 0x0000000100000000)
  region size 1024K, 2 young (2048K), 2 survivors (2048K)
 Metaspace       used 102781K, committed 103488K, reserved 1138688K
  class space    used 14019K, committed 14336K, reserved 1048576K
}
Event: 21.119 GC heap before
{Heap before GC invocations=39 (full 0):
 garbage-first heap   total 199680K, used 117295K [0x0000000080000000, 0x0000000100000000)
  region size 1024K, 10 young (10240K), 2 survivors (2048K)
 Metaspace       used 104278K, committed 104960K, reserved 1146880K
  class space    used 14279K, committed 14592K, reserved 1048576K
}
Event: 21.123 GC heap after
{Heap after GC invocations=40 (full 0):
 garbage-first heap   total 239616K, used 110260K [0x0000000080000000, 0x0000000100000000)
  region size 1024K, 3 young (3072K), 3 survivors (3072K)
 Metaspace       used 104278K, committed 104960K, reserved 1146880K
  class space    used 14279K, committed 14592K, reserved 1048576K
}
Event: 23.319 GC heap before
{Heap before GC invocations=41 (full 0):
 garbage-first heap   total 239616K, used 196276K [0x0000000080000000, 0x0000000100000000)
  region size 1024K, 88 young (90112K), 3 survivors (3072K)
 Metaspace       used 108380K, committed 109056K, reserved 1146880K
  class space    used 14803K, committed 15104K, reserved 1048576K
}
Event: 23.324 GC heap after
{Heap after GC invocations=42 (full 0):
 garbage-first heap   total 239616K, used 110915K [0x0000000080000000, 0x0000000100000000)
  region size 1024K, 3 young (3072K), 3 survivors (3072K)
 Metaspace       used 108380K, committed 109056K, reserved 1146880K
  class space    used 14803K, committed 15104K, reserved 1048576K
}
Event: 23.410 GC heap before
{Heap before GC invocations=42 (full 0):
 garbage-first heap   total 239616K, used 119107K [0x0000000080000000, 0x0000000100000000)
  region size 1024K, 11 young (11264K), 3 survivors (3072K)
 Metaspace       used 108423K, committed 109120K, reserved 1146880K
  class space    used 14803K, committed 15104K, reserved 1048576K
}
Event: 23.417 GC heap after
{Heap after GC invocations=43 (full 0):
 garbage-first heap   total 239616K, used 109491K [0x0000000080000000, 0x0000000100000000)
  region size 1024K, 2 young (2048K), 2 survivors (2048K)
 Metaspace       used 108423K, committed 109120K, reserved 1146880K
  class space    used 14803K, committed 15104K, reserved 1048576K
}
Event: 24.545 GC heap before
{Heap before GC invocations=43 (full 0):
 garbage-first heap   total 239616K, used 208819K [0x0000000080000000, 0x0000000100000000)
  region size 1024K, 91 young (93184K), 2 survivors (2048K)
 Metaspace       used 111379K, committed 112128K, reserved 1146880K
  class space    used 15196K, committed 15552K, reserved 1048576K
}
Event: 24.553 GC heap after
{Heap after GC invocations=44 (full 0):
 garbage-first heap   total 239616K, used 125970K [0x0000000080000000, 0x0000000100000000)
  region size 1024K, 9 young (9216K), 9 survivors (9216K)
 Metaspace       used 111379K, committed 112128K, reserved 1146880K
  class space    used 15196K, committed 15552K, reserved 1048576K
}

