# JRE version: OpenJDK Runtime Environment (17.0.6) (build 17.0.6+0-b2043.56-9586694)
# Java VM: OpenJDK 64-Bit Server VM (17.0.6+0-b2043.56-9586694, mixed mode, tiered, compressed oops, compressed class ptrs, g1 gc, windows-amd64)
GC Precious Log:
 CPUs: 8 total, 8 available
 Memory: 6020M
 Large Page Support: Disabled
 NUMA Support: Disabled
 Compressed Oops: Enabled (32-bit)
 Heap Region Size: 1M
 Heap Min Capacity: 8M
 Heap Initial Capacity: 96M
 Heap Max Capacity: 2G
 Pre-touch: Disabled
 Parallel Workers: 8
 Concurrent Workers: 2
 Concurrent Refinement Workers: 8
 Periodic GC: Disabled
Heap:
 garbage-first heap   total 274432K, used 163189K [0x0000000080000000, 0x0000000100000000)
  region size 1024K, 5 young (5120K), 5 survivors (5120K)
 Metaspace       used 110901K, committed 111680K, reserved 1146880K
  class space    used 14671K, committed 15040K, reserved 1048576K
GC Heap History (20 events):
Event: 22.321 GC heap after
{Heap after GC invocations=32 (full 0):
 garbage-first heap   total 164864K, used 86930K [0x0000000080000000, 0x0000000100000000)
  region size 1024K, 7 young (7168K), 7 survivors (7168K)
 Metaspace       used 87832K, committed 88512K, reserved 1130496K
  class space    used 12046K, committed 12352K, reserved 1048576K
}
Event: 22.690 GC heap before
{Heap before GC invocations=32 (full 0):
 garbage-first heap   total 164864K, used 128914K [0x0000000080000000, 0x0000000100000000)
  region size 1024K, 49 young (50176K), 7 survivors (7168K)
 Metaspace       used 88083K, committed 88768K, reserved 1130496K
  class space    used 12047K, committed 12352K, reserved 1048576K
}
Event: 22.698 GC heap after
{Heap after GC invocations=33 (full 0):
 garbage-first heap   total 274432K, used 89817K [0x0000000080000000, 0x0000000100000000)
  region size 1024K, 3 young (3072K), 3 survivors (3072K)
 Metaspace       used 88083K, committed 88768K, reserved 1130496K
  class space    used 12047K, committed 12352K, reserved 1048576K
}
Event: 25.842 GC heap before
{Heap before GC invocations=33 (full 0):
 garbage-first heap   total 274432K, used 222937K [0x0000000080000000, 0x0000000100000000)
  region size 1024K, 125 young (128000K), 3 survivors (3072K)
 Metaspace       used 92012K, committed 92736K, reserved 1130496K
  class space    used 12473K, committed 12800K, reserved 1048576K
}
Event: 25.864 GC heap after
{Heap after GC invocations=34 (full 0):
 garbage-first heap   total 274432K, used 120115K [0x0000000080000000, 0x0000000100000000)
  region size 1024K, 16 young (16384K), 16 survivors (16384K)
 Metaspace       used 92012K, committed 92736K, reserved 1130496K
  class space    used 12473K, committed 12800K, reserved 1048576K
}
Event: 27.743 GC heap before
{Heap before GC invocations=34 (full 0):
 garbage-first heap   total 274432K, used 231731K [0x0000000080000000, 0x0000000100000000)
  region size 1024K, 93 young (95232K), 16 survivors (16384K)
 Metaspace       used 94907K, committed 95680K, reserved 1138688K
  class space    used 12827K, committed 13184K, reserved 1048576K
}
Event: 27.764 GC heap after
{Heap after GC invocations=35 (full 0):
 garbage-first heap   total 274432K, used 129973K [0x0000000080000000, 0x0000000100000000)
  region size 1024K, 9 young (9216K), 9 survivors (9216K)
 Metaspace       used 94907K, committed 95680K, reserved 1138688K
  class space    used 12827K, committed 13184K, reserved 1048576K
}
Event: 28.227 GC heap before
{Heap before GC invocations=35 (full 0):
 garbage-first heap   total 274432K, used 205749K [0x0000000080000000, 0x0000000100000000)
  region size 1024K, 84 young (86016K), 9 survivors (9216K)
 Metaspace       used 98222K, committed 98944K, reserved 1138688K
  class space    used 13108K, committed 13440K, reserved 1048576K
}
Event: 28.241 GC heap after
{Heap after GC invocations=36 (full 0):
 garbage-first heap   total 274432K, used 138655K [0x0000000080000000, 0x0000000100000000)
  region size 1024K, 9 young (9216K), 9 survivors (9216K)
 Metaspace       used 98222K, committed 98944K, reserved 1138688K
  class space    used 13108K, committed 13440K, reserved 1048576K
}
Event: 28.719 GC heap before
{Heap before GC invocations=36 (full 0):
 garbage-first heap   total 274432K, used 210335K [0x0000000080000000, 0x0000000100000000)
  region size 1024K, 80 young (81920K), 9 survivors (9216K)
 Metaspace       used 99365K, committed 100096K, reserved 1138688K
  class space    used 13196K, committed 13504K, reserved 1048576K
}
Event: 28.730 GC heap after
{Heap after GC invocations=37 (full 0):
 garbage-first heap   total 274432K, used 144251K [0x0000000080000000, 0x0000000100000000)
  region size 1024K, 10 young (10240K), 10 survivors (10240K)
 Metaspace       used 99365K, committed 100096K, reserved 1138688K
  class space    used 13196K, committed 13504K, reserved 1048576K
}
Event: 29.607 GC heap before
{Heap before GC invocations=37 (full 0):
 garbage-first heap   total 274432K, used 213883K [0x0000000080000000, 0x0000000100000000)
  region size 1024K, 79 young (80896K), 10 survivors (10240K)
 Metaspace       used 100669K, committed 101376K, reserved 1138688K
  class space    used 13325K, committed 13632K, reserved 1048576K
}
Event: 29.614 GC heap after
{Heap after GC invocations=38 (full 0):
 garbage-first heap   total 274432K, used 141312K [0x0000000080000000, 0x0000000100000000)
  region size 1024K, 3 young (3072K), 3 survivors (3072K)
 Metaspace       used 100669K, committed 101376K, reserved 1138688K
  class space    used 13325K, committed 13632K, reserved 1048576K
}
Event: 30.825 GC heap before
{Heap before GC invocations=38 (full 0):
 garbage-first heap   total 274432K, used 218112K [0x0000000080000000, 0x0000000100000000)
  region size 1024K, 79 young (80896K), 3 survivors (3072K)
 Metaspace       used 104177K, committed 104960K, reserved 1146880K
  class space    used 13766K, committed 14144K, reserved 1048576K
}
Event: 30.835 GC heap after
{Heap after GC invocations=39 (full 0):
 garbage-first heap   total 274432K, used 145999K [0x0000000080000000, 0x0000000100000000)
  region size 1024K, 8 young (8192K), 8 survivors (8192K)
 Metaspace       used 104177K, committed 104960K, reserved 1146880K
  class space    used 13766K, committed 14144K, reserved 1048576K
}
Event: 31.697 GC heap before
{Heap before GC invocations=39 (full 0):
 garbage-first heap   total 274432K, used 220751K [0x0000000080000000, 0x0000000100000000)
  region size 1024K, 82 young (83968K), 8 survivors (8192K)
 Metaspace       used 107902K, committed 108736K, reserved 1146880K
  class space    used 14269K, committed 14656K, reserved 1048576K
}
Event: 31.709 GC heap after
{Heap after GC invocations=40 (full 0):
 garbage-first heap   total 274432K, used 151918K [0x0000000080000000, 0x0000000100000000)
  region size 1024K, 11 young (11264K), 11 survivors (11264K)
 Metaspace       used 107902K, committed 108736K, reserved 1146880K
  class space    used 14269K, committed 14656K, reserved 1048576K
}
Event: 32.228 GC heap before
{Heap before GC invocations=40 (full 0):
 garbage-first heap   total 274432K, used 222574K [0x0000000080000000, 0x0000000100000000)
  region size 1024K, 81 young (82944K), 11 survivors (11264K)
 Metaspace       used 108753K, committed 109632K, reserved 1146880K
  class space    used 14380K, committed 14784K, reserved 1048576K
}
Event: 32.246 GC heap after
{Heap after GC invocations=41 (full 0):
 garbage-first heap   total 274432K, used 158133K [0x0000000080000000, 0x0000000100000000)
  region size 1024K, 7 young (7168K), 7 survivors (7168K)
 Metaspace       used 108753K, committed 109632K, reserved 1146880K
  class space    used 14380K, committed 14784K, reserved 1048576K
}
Event: 32.657 GC heap before
{Heap before GC invocations=41 (full 0):
 garbage-first heap   total 274432K, used 194997K [0x0000000080000000, 0x0000000100000000)
  region size 1024K, 45 young (46080K), 7 survivors (7168K)
 Metaspace       used 110901K, committed 111680K, reserved 1146880K
  class space    used 14671K, committed 15040K, reserved 1048576K
}

