# JRE version: OpenJDK Runtime Environment (17.0.6) (build 17.0.6+0-b2043.56-9586694)
# Java VM: OpenJDK 64-Bit Server VM (17.0.6+0-b2043.56-9586694, mixed mode, tiered, compressed oops, compressed class ptrs, g1 gc, windows-amd64)
GC Precious Log:
 CPUs: 8 total, 8 available
 Memory: 6020M
 Large Page Support: Disabled
 NUMA Support: Disabled
 Compressed Oops: Enabled (32-bit)
 Heap Region Size: 1M
 Heap Min Capacity: 8M
 Heap Initial Capacity: 96M
 Heap Max Capacity: 2G
 Pre-touch: Disabled
 Parallel Workers: 8
 Concurrent Workers: 2
 Concurrent Refinement Workers: 8
 Periodic GC: Disabled
Heap:
 garbage-first heap   total 265216K, used 206914K [0x0000000080000000, 0x0000000100000000)
  region size 1024K, 36 young (36864K), 1 survivors (1024K)
 Metaspace       used 94186K, committed 94912K, reserved 1138688K
  class space    used 12859K, committed 13184K, reserved 1048576K
GC Heap History (20 events):
Event: 11.650 GC heap before
{Heap before GC invocations=33 (full 0):
 garbage-first heap   total 194560K, used 145808K [0x0000000080000000, 0x0000000100000000)
  region size 1024K, 31 young (31744K), 3 survivors (3072K)
 Metaspace       used 68357K, committed 68992K, reserved 1114112K
  class space    used 9181K, committed 9472K, reserved 1048576K
}
Event: 11.655 GC heap after
{Heap after GC invocations=34 (full 0):
 garbage-first heap   total 233472K, used 118475K [0x0000000080000000, 0x0000000100000000)
  region size 1024K, 2 young (2048K), 2 survivors (2048K)
 Metaspace       used 68357K, committed 68992K, reserved 1114112K
  class space    used 9181K, committed 9472K, reserved 1048576K
}
Event: 12.409 GC heap before
{Heap before GC invocations=35 (full 0):
 garbage-first heap   total 233472K, used 171723K [0x0000000080000000, 0x0000000100000000)
  region size 1024K, 48 young (49152K), 2 survivors (2048K)
 Metaspace       used 72695K, committed 73280K, reserved 1114112K
  class space    used 9714K, committed 9984K, reserved 1048576K
}
Event: 12.415 GC heap after
{Heap after GC invocations=36 (full 0):
 garbage-first heap   total 233472K, used 123052K [0x0000000080000000, 0x0000000100000000)
  region size 1024K, 6 young (6144K), 6 survivors (6144K)
 Metaspace       used 72695K, committed 73280K, reserved 1114112K
  class space    used 9714K, committed 9984K, reserved 1048576K
}
Event: 12.484 GC heap before
{Heap before GC invocations=36 (full 0):
 garbage-first heap   total 233472K, used 128172K [0x0000000080000000, 0x0000000100000000)
  region size 1024K, 11 young (11264K), 6 survivors (6144K)
 Metaspace       used 73154K, committed 73728K, reserved 1114112K
  class space    used 9773K, committed 10048K, reserved 1048576K
}
Event: 12.490 GC heap after
{Heap after GC invocations=37 (full 0):
 garbage-first heap   total 233472K, used 123356K [0x0000000080000000, 0x0000000100000000)
  region size 1024K, 1 young (1024K), 1 survivors (1024K)
 Metaspace       used 73154K, committed 73728K, reserved 1114112K
  class space    used 9773K, committed 10048K, reserved 1048576K
}
Event: 13.101 GC heap before
{Heap before GC invocations=37 (full 0):
 garbage-first heap   total 233472K, used 178652K [0x0000000080000000, 0x0000000100000000)
  region size 1024K, 54 young (55296K), 1 survivors (1024K)
 Metaspace       used 75270K, committed 75904K, reserved 1122304K
  class space    used 10061K, committed 10304K, reserved 1048576K
}
Event: 13.106 GC heap after
{Heap after GC invocations=38 (full 0):
 garbage-first heap   total 233472K, used 125075K [0x0000000080000000, 0x0000000100000000)
  region size 1024K, 3 young (3072K), 3 survivors (3072K)
 Metaspace       used 75270K, committed 75904K, reserved 1122304K
  class space    used 10061K, committed 10304K, reserved 1048576K
}
Event: 13.849 GC heap before
{Heap before GC invocations=39 (full 0):
 garbage-first heap   total 233472K, used 181395K [0x0000000080000000, 0x0000000100000000)
  region size 1024K, 58 young (59392K), 3 survivors (3072K)
 Metaspace       used 79017K, committed 79680K, reserved 1122304K
  class space    used 10749K, committed 11072K, reserved 1048576K
}
Event: 13.856 GC heap after
{Heap after GC invocations=40 (full 0):
 garbage-first heap   total 233472K, used 128985K [0x0000000080000000, 0x0000000100000000)
  region size 1024K, 7 young (7168K), 7 survivors (7168K)
 Metaspace       used 79017K, committed 79680K, reserved 1122304K
  class space    used 10749K, committed 11072K, reserved 1048576K
}
Event: 13.942 GC heap before
{Heap before GC invocations=40 (full 0):
 garbage-first heap   total 233472K, used 132057K [0x0000000080000000, 0x0000000100000000)
  region size 1024K, 11 young (11264K), 7 survivors (7168K)
 Metaspace       used 79520K, committed 80128K, reserved 1122304K
  class space    used 10839K, committed 11136K, reserved 1048576K
}
Event: 13.949 GC heap after
{Heap after GC invocations=41 (full 0):
 garbage-first heap   total 233472K, used 129612K [0x0000000080000000, 0x0000000100000000)
  region size 1024K, 2 young (2048K), 2 survivors (2048K)
 Metaspace       used 79520K, committed 80128K, reserved 1122304K
  class space    used 10839K, committed 11136K, reserved 1048576K
}
Event: 14.991 GC heap before
{Heap before GC invocations=41 (full 0):
 garbage-first heap   total 233472K, used 184908K [0x0000000080000000, 0x0000000100000000)
  region size 1024K, 56 young (57344K), 2 survivors (2048K)
 Metaspace       used 82111K, committed 82880K, reserved 1122304K
  class space    used 11215K, committed 11584K, reserved 1048576K
}
Event: 14.997 GC heap after
{Heap after GC invocations=42 (full 0):
 garbage-first heap   total 233472K, used 133524K [0x0000000080000000, 0x0000000100000000)
  region size 1024K, 6 young (6144K), 6 survivors (6144K)
 Metaspace       used 82111K, committed 82880K, reserved 1122304K
  class space    used 11215K, committed 11584K, reserved 1048576K
}
Event: 15.223 GC heap before
{Heap before GC invocations=42 (full 0):
 garbage-first heap   total 233472K, used 138644K [0x0000000080000000, 0x0000000100000000)
  region size 1024K, 12 young (12288K), 6 survivors (6144K)
 Metaspace       used 83258K, committed 84096K, reserved 1122304K
  class space    used 11372K, committed 11776K, reserved 1048576K
}
Event: 15.228 GC heap after
{Heap after GC invocations=43 (full 0):
 garbage-first heap   total 233472K, used 134307K [0x0000000080000000, 0x0000000100000000)
  region size 1024K, 1 young (1024K), 1 survivors (1024K)
 Metaspace       used 83258K, committed 84096K, reserved 1122304K
  class space    used 11372K, committed 11776K, reserved 1048576K
}
Event: 16.419 GC heap before
{Heap before GC invocations=44 (full 0):
 garbage-first heap   total 265216K, used 217251K [0x0000000080000000, 0x0000000100000000)
  region size 1024K, 54 young (55296K), 1 survivors (1024K)
 Metaspace       used 87635K, committed 88384K, reserved 1130496K
  class space    used 12003K, committed 12352K, reserved 1048576K
}
Event: 16.426 GC heap after
{Heap after GC invocations=45 (full 0):
 garbage-first heap   total 265216K, used 171508K [0x0000000080000000, 0x0000000100000000)
  region size 1024K, 7 young (7168K), 7 survivors (7168K)
 Metaspace       used 87635K, committed 88384K, reserved 1130496K
  class space    used 12003K, committed 12352K, reserved 1048576K
}
Event: 16.499 GC heap before
{Heap before GC invocations=45 (full 0):
 garbage-first heap   total 265216K, used 176628K [0x0000000080000000, 0x0000000100000000)
  region size 1024K, 12 young (12288K), 7 survivors (7168K)
 Metaspace       used 87928K, committed 88704K, reserved 1130496K
  class space    used 12050K, committed 12416K, reserved 1048576K
}
Event: 16.507 GC heap after
{Heap after GC invocations=46 (full 0):
 garbage-first heap   total 265216K, used 172098K [0x0000000080000000, 0x0000000100000000)
  region size 1024K, 1 young (1024K), 1 survivors (1024K)
 Metaspace       used 87928K, committed 88704K, reserved 1130496K
  class space    used 12050K, committed 12416K, reserved 1048576K
}

