# JRE version: OpenJDK Runtime Environment (17.0.6) (build 17.0.6+0-b2043.56-9586694)
# Java VM: OpenJDK 64-Bit Server VM (17.0.6+0-b2043.56-9586694, mixed mode, tiered, compressed oops, compressed class ptrs, g1 gc, windows-amd64)
GC Precious Log:
 CPUs: 8 total, 8 available
 Memory: 6020M
 Large Page Support: Disabled
 NUMA Support: Disabled
 Compressed Oops: Enabled (32-bit)
 Heap Region Size: 1M
 Heap Min Capacity: 8M
 Heap Initial Capacity: 96M
 Heap Max Capacity: 2G
 Pre-touch: Disabled
 Parallel Workers: 8
 Concurrent Workers: 2
 Concurrent Refinement Workers: 8
 Periodic GC: Disabled
Heap:
 garbage-first heap   total 343040K, used 235520K [0x0000000080000000, 0x0000000100000000)
  region size 1024K, 55 young (56320K), 8 survivors (8192K)
 Metaspace       used 112312K, committed 113152K, reserved 1146880K
  class space    used 15089K, committed 15488K, reserved 1048576K
GC Heap History (20 events):
Event: 23.524 GC heap before
{Heap before GC invocations=48 (full 0):
 garbage-first heap   total 215040K, used 173657K [0x0000000080000000, 0x0000000100000000)
  region size 1024K, 50 young (51200K), 4 survivors (4096K)
 Metaspace       used 81319K, committed 81984K, reserved 1122304K
  class space    used 11088K, committed 11392K, reserved 1048576K
}
Event: 23.534 GC heap after
{Heap after GC invocations=49 (full 0):
 garbage-first heap   total 258048K, used 130185K [0x0000000080000000, 0x0000000100000000)
  region size 1024K, 7 young (7168K), 7 survivors (7168K)
 Metaspace       used 81319K, committed 81984K, reserved 1122304K
  class space    used 11088K, committed 11392K, reserved 1048576K
}
Event: 23.588 GC heap before
{Heap before GC invocations=49 (full 0):
 garbage-first heap   total 258048K, used 135305K [0x0000000080000000, 0x0000000100000000)
  region size 1024K, 12 young (12288K), 7 survivors (7168K)
 Metaspace       used 81387K, committed 81984K, reserved 1122304K
  class space    used 11104K, committed 11392K, reserved 1048576K
}
Event: 23.601 GC heap after
{Heap after GC invocations=50 (full 0):
 garbage-first heap   total 258048K, used 130511K [0x0000000080000000, 0x0000000100000000)
  region size 1024K, 2 young (2048K), 2 survivors (2048K)
 Metaspace       used 81387K, committed 81984K, reserved 1122304K
  class space    used 11104K, committed 11392K, reserved 1048576K
}
Event: 24.697 GC heap before
{Heap before GC invocations=50 (full 0):
 garbage-first heap   total 258048K, used 187855K [0x0000000080000000, 0x0000000100000000)
  region size 1024K, 32 young (32768K), 2 survivors (2048K)
 Metaspace       used 83278K, committed 84032K, reserved 1122304K
  class space    used 11364K, committed 11712K, reserved 1048576K
}
Event: 24.704 GC heap after
{Heap after GC invocations=51 (full 0):
 garbage-first heap   total 258048K, used 165125K [0x0000000080000000, 0x0000000100000000)
  region size 1024K, 7 young (7168K), 7 survivors (7168K)
 Metaspace       used 83278K, committed 84032K, reserved 1122304K
  class space    used 11364K, committed 11712K, reserved 1048576K
}
Event: 26.027 GC heap before
{Heap before GC invocations=51 (full 0):
 garbage-first heap   total 258048K, used 212229K [0x0000000080000000, 0x0000000100000000)
  region size 1024K, 53 young (54272K), 7 survivors (7168K)
 Metaspace       used 87165K, committed 87936K, reserved 1130496K
  class space    used 11935K, committed 12288K, reserved 1048576K
}
Event: 26.040 GC heap after
{Heap after GC invocations=52 (full 0):
 garbage-first heap   total 258048K, used 171477K [0x0000000080000000, 0x0000000100000000)
  region size 1024K, 6 young (6144K), 6 survivors (6144K)
 Metaspace       used 87165K, committed 87936K, reserved 1130496K
  class space    used 11935K, committed 12288K, reserved 1048576K
}
Event: 26.081 GC heap before
{Heap before GC invocations=52 (full 0):
 garbage-first heap   total 258048K, used 172501K [0x0000000080000000, 0x0000000100000000)
  region size 1024K, 8 young (8192K), 6 survivors (6144K)
 Metaspace       used 87367K, committed 88128K, reserved 1130496K
  class space    used 11949K, committed 12288K, reserved 1048576K
}
Event: 26.087 GC heap after
{Heap after GC invocations=53 (full 0):
 garbage-first heap   total 258048K, used 171934K [0x0000000080000000, 0x0000000100000000)
  region size 1024K, 1 young (1024K), 1 survivors (1024K)
 Metaspace       used 87367K, committed 88128K, reserved 1130496K
  class space    used 11949K, committed 12288K, reserved 1048576K
}
Event: 27.842 GC heap before
{Heap before GC invocations=54 (full 0):
 garbage-first heap   total 290816K, used 218014K [0x0000000080000000, 0x0000000100000000)
  region size 1024K, 45 young (46080K), 1 survivors (1024K)
 Metaspace       used 94483K, committed 95360K, reserved 1138688K
  class space    used 12861K, committed 13248K, reserved 1048576K
}
Event: 27.848 GC heap after
{Heap after GC invocations=55 (full 0):
 garbage-first heap   total 290816K, used 173385K [0x0000000080000000, 0x0000000100000000)
  region size 1024K, 3 young (3072K), 3 survivors (3072K)
 Metaspace       used 94483K, committed 95360K, reserved 1138688K
  class space    used 12861K, committed 13248K, reserved 1048576K
}
Event: 28.271 GC heap before
{Heap before GC invocations=55 (full 0):
 garbage-first heap   total 290816K, used 184649K [0x0000000080000000, 0x0000000100000000)
  region size 1024K, 14 young (14336K), 3 survivors (3072K)
 Metaspace       used 95513K, committed 96320K, reserved 1138688K
  class space    used 13070K, committed 13440K, reserved 1048576K
}
Event: 28.279 GC heap after
{Heap after GC invocations=56 (full 0):
 garbage-first heap   total 290816K, used 174302K [0x0000000080000000, 0x0000000100000000)
  region size 1024K, 2 young (2048K), 2 survivors (2048K)
 Metaspace       used 95513K, committed 96320K, reserved 1138688K
  class space    used 13070K, committed 13440K, reserved 1048576K
}
Event: 31.514 GC heap before
{Heap before GC invocations=56 (full 0):
 garbage-first heap   total 290816K, used 235742K [0x0000000080000000, 0x0000000100000000)
  region size 1024K, 63 young (64512K), 2 survivors (2048K)
 Metaspace       used 105687K, committed 106496K, reserved 1146880K
  class space    used 14251K, committed 14592K, reserved 1048576K
}
Event: 31.530 GC heap after
{Heap after GC invocations=57 (full 0):
 garbage-first heap   total 290816K, used 180824K [0x0000000080000000, 0x0000000100000000)
  region size 1024K, 8 young (8192K), 8 survivors (8192K)
 Metaspace       used 105687K, committed 106496K, reserved 1146880K
  class space    used 14251K, committed 14592K, reserved 1048576K
}
Event: 35.327 GC heap before
{Heap before GC invocations=57 (full 0):
 garbage-first heap   total 290816K, used 241240K [0x0000000080000000, 0x0000000100000000)
  region size 1024K, 68 young (69632K), 8 survivors (8192K)
 Metaspace       used 106664K, committed 107456K, reserved 1146880K
  class space    used 14372K, committed 14720K, reserved 1048576K
}
Event: 35.346 GC heap after
{Heap after GC invocations=58 (full 0):
 garbage-first heap   total 290816K, used 185393K [0x0000000080000000, 0x0000000100000000)
  region size 1024K, 5 young (5120K), 5 survivors (5120K)
 Metaspace       used 106664K, committed 107456K, reserved 1146880K
  class space    used 14372K, committed 14720K, reserved 1048576K
}
Event: 36.631 GC heap before
{Heap before GC invocations=58 (full 0):
 garbage-first heap   total 290816K, used 242737K [0x0000000080000000, 0x0000000100000000)
  region size 1024K, 62 young (63488K), 5 survivors (5120K)
 Metaspace       used 108562K, committed 109440K, reserved 1146880K
  class space    used 14586K, committed 14976K, reserved 1048576K
}
Event: 36.643 GC heap after
{Heap after GC invocations=59 (full 0):
 garbage-first heap   total 290816K, used 189440K [0x0000000080000000, 0x0000000100000000)
  region size 1024K, 8 young (8192K), 8 survivors (8192K)
 Metaspace       used 108562K, committed 109440K, reserved 1146880K
  class space    used 14586K, committed 14976K, reserved 1048576K
}

