# JRE version: OpenJDK Runtime Environment (17.0.6) (build 17.0.6+0-b2043.56-9586694)
# Java VM: OpenJDK 64-Bit Server VM (17.0.6+0-b2043.56-9586694, mixed mode, tiered, compressed oops, compressed class ptrs, g1 gc, windows-amd64)
GC Precious Log:
 CPUs: 8 total, 8 available
 Memory: 6020M
 Large Page Support: Disabled
 NUMA Support: Disabled
 Compressed Oops: Enabled (32-bit)
 Heap Region Size: 1M
 Heap Min Capacity: 8M
 Heap Initial Capacity: 96M
 Heap Max Capacity: 2G
 Pre-touch: Disabled
 Parallel Workers: 8
 Concurrent Workers: 2
 Concurrent Refinement Workers: 8
 Periodic GC: Disabled
Heap:
 garbage-first heap   total 301056K, used 185252K [0x0000000080000000, 0x0000000100000000)
  region size 1024K, 5 young (5120K), 5 survivors (5120K)
 Metaspace       used 120146K, committed 120960K, reserved 1155072K
  class space    used 16051K, committed 16448K, reserved 1048576K
GC Heap History (20 events):
Event: 30.722 GC heap after
{Heap after GC invocations=38 (full 0):
 garbage-first heap   total 301056K, used 136447K [0x0000000080000000, 0x0000000100000000)
  region size 1024K, 16 young (16384K), 16 survivors (16384K)
 Metaspace       used 92572K, committed 93312K, reserved 1130496K
  class space    used 12560K, committed 12928K, reserved 1048576K
}
Event: 30.764 GC heap before
{Heap before GC invocations=38 (full 0):
 garbage-first heap   total 301056K, used 136447K [0x0000000080000000, 0x0000000100000000)
  region size 1024K, 17 young (17408K), 16 survivors (16384K)
 Metaspace       used 92598K, committed 93312K, reserved 1130496K
  class space    used 12560K, committed 12928K, reserved 1048576K
}
Event: 30.786 GC heap after
{Heap after GC invocations=39 (full 0):
 garbage-first heap   total 301056K, used 140288K [0x0000000080000000, 0x0000000100000000)
  region size 1024K, 2 young (2048K), 2 survivors (2048K)
 Metaspace       used 92598K, committed 93312K, reserved 1130496K
  class space    used 12560K, committed 12928K, reserved 1048576K
}
Event: 31.965 GC heap before
{Heap before GC invocations=39 (full 0):
 garbage-first heap   total 301056K, used 238592K [0x0000000080000000, 0x0000000100000000)
  region size 1024K, 74 young (75776K), 2 survivors (2048K)
 Metaspace       used 94756K, committed 95424K, reserved 1138688K
  class space    used 12758K, committed 13056K, reserved 1048576K
}
Event: 31.974 GC heap after
{Heap after GC invocations=40 (full 0):
 garbage-first heap   total 301056K, used 147245K [0x0000000080000000, 0x0000000100000000)
  region size 1024K, 9 young (9216K), 9 survivors (9216K)
 Metaspace       used 94756K, committed 95424K, reserved 1138688K
  class space    used 12758K, committed 13056K, reserved 1048576K
}
Event: 32.782 GC heap before
{Heap before GC invocations=40 (full 0):
 garbage-first heap   total 301056K, used 218925K [0x0000000080000000, 0x0000000100000000)
  region size 1024K, 80 young (81920K), 9 survivors (9216K)
 Metaspace       used 97285K, committed 97984K, reserved 1138688K
  class space    used 12967K, committed 13312K, reserved 1048576K
}
Event: 32.797 GC heap after
{Heap after GC invocations=41 (full 0):
 garbage-first heap   total 301056K, used 152650K [0x0000000080000000, 0x0000000100000000)
  region size 1024K, 6 young (6144K), 6 survivors (6144K)
 Metaspace       used 97285K, committed 97984K, reserved 1138688K
  class space    used 12967K, committed 13312K, reserved 1048576K
}
Event: 33.708 GC heap before
{Heap before GC invocations=41 (full 0):
 garbage-first heap   total 301056K, used 226378K [0x0000000080000000, 0x0000000100000000)
  region size 1024K, 79 young (80896K), 6 survivors (6144K)
 Metaspace       used 98769K, committed 99456K, reserved 1138688K
  class space    used 13108K, committed 13440K, reserved 1048576K
}
Event: 33.716 GC heap after
{Heap after GC invocations=42 (full 0):
 garbage-first heap   total 301056K, used 154728K [0x0000000080000000, 0x0000000100000000)
  region size 1024K, 3 young (3072K), 3 survivors (3072K)
 Metaspace       used 98769K, committed 99456K, reserved 1138688K
  class space    used 13108K, committed 13440K, reserved 1048576K
}
Event: 35.389 GC heap before
{Heap before GC invocations=42 (full 0):
 garbage-first heap   total 301056K, used 232552K [0x0000000080000000, 0x0000000100000000)
  region size 1024K, 80 young (81920K), 3 survivors (3072K)
 Metaspace       used 100185K, committed 100864K, reserved 1138688K
  class space    used 13256K, committed 13568K, reserved 1048576K
}
Event: 35.400 GC heap after
{Heap after GC invocations=43 (full 0):
 garbage-first heap   total 301056K, used 158501K [0x0000000080000000, 0x0000000100000000)
  region size 1024K, 7 young (7168K), 7 survivors (7168K)
 Metaspace       used 100185K, committed 100864K, reserved 1138688K
  class space    used 13256K, committed 13568K, reserved 1048576K
}
Event: 37.065 GC heap before
{Heap before GC invocations=43 (full 0):
 garbage-first heap   total 301056K, used 236325K [0x0000000080000000, 0x0000000100000000)
  region size 1024K, 84 young (86016K), 7 survivors (7168K)
 Metaspace       used 105735K, committed 106496K, reserved 1146880K
  class space    used 13993K, committed 14336K, reserved 1048576K
}
Event: 37.079 GC heap after
{Heap after GC invocations=44 (full 0):
 garbage-first heap   total 301056K, used 164958K [0x0000000080000000, 0x0000000100000000)
  region size 1024K, 11 young (11264K), 11 survivors (11264K)
 Metaspace       used 105735K, committed 106496K, reserved 1146880K
  class space    used 13993K, committed 14336K, reserved 1048576K
}
Event: 37.872 GC heap before
{Heap before GC invocations=44 (full 0):
 garbage-first heap   total 301056K, used 240734K [0x0000000080000000, 0x0000000100000000)
  region size 1024K, 86 young (88064K), 11 survivors (11264K)
 Metaspace       used 107029K, committed 107840K, reserved 1146880K
  class space    used 14171K, committed 14592K, reserved 1048576K
}
Event: 37.890 GC heap after
{Heap after GC invocations=45 (full 0):
 garbage-first heap   total 301056K, used 172750K [0x0000000080000000, 0x0000000100000000)
  region size 1024K, 8 young (8192K), 8 survivors (8192K)
 Metaspace       used 107029K, committed 107840K, reserved 1146880K
  class space    used 14171K, committed 14592K, reserved 1048576K
}
Event: 38.505 GC heap before
{Heap before GC invocations=45 (full 0):
 garbage-first heap   total 301056K, used 244430K [0x0000000080000000, 0x0000000100000000)
  region size 1024K, 79 young (80896K), 8 survivors (8192K)
 Metaspace       used 107511K, committed 108288K, reserved 1146880K
  class space    used 14218K, committed 14592K, reserved 1048576K
}
Event: 38.524 GC heap after
{Heap after GC invocations=46 (full 0):
 garbage-first heap   total 301056K, used 180767K [0x0000000080000000, 0x0000000100000000)
  region size 1024K, 8 young (8192K), 8 survivors (8192K)
 Metaspace       used 107511K, committed 108288K, reserved 1146880K
  class space    used 14218K, committed 14592K, reserved 1048576K
}
Event: 39.099 GC heap before
{Heap before GC invocations=46 (full 0):
 garbage-first heap   total 301056K, used 247327K [0x0000000080000000, 0x0000000100000000)
  region size 1024K, 74 young (75776K), 8 survivors (8192K)
 Metaspace       used 110310K, committed 111104K, reserved 1146880K
  class space    used 14618K, committed 14976K, reserved 1048576K
}
Event: 39.172 GC heap after
{Heap after GC invocations=47 (full 0):
 garbage-first heap   total 301056K, used 184855K [0x0000000080000000, 0x0000000100000000)
  region size 1024K, 5 young (5120K), 5 survivors (5120K)
 Metaspace       used 110310K, committed 111104K, reserved 1146880K
  class space    used 14618K, committed 14976K, reserved 1048576K
}
Event: 41.573 GC heap before
{Heap before GC invocations=47 (full 0):
 garbage-first heap   total 301056K, used 251415K [0x0000000080000000, 0x0000000100000000)
  region size 1024K, 69 young (70656K), 5 survivors (5120K)
 Metaspace       used 120146K, committed 120960K, reserved 1155072K
  class space    used 16051K, committed 16448K, reserved 1048576K
}

