# JRE version: OpenJDK Runtime Environment (17.0.6) (build 17.0.6+0-b2043.56-9586694)
# Java VM: OpenJDK 64-Bit Server VM (17.0.6+0-b2043.56-9586694, mixed mode, tiered, compressed oops, compressed class ptrs, g1 gc, windows-amd64)
GC Precious Log:
 CPUs: 8 total, 8 available
 Memory: 6020M
 Large Page Support: Disabled
 NUMA Support: Disabled
 Compressed Oops: Enabled (32-bit)
 Heap Region Size: 1M
 Heap Min Capacity: 8M
 Heap Initial Capacity: 96M
 Heap Max Capacity: 2G
 Pre-touch: Disabled
 Parallel Workers: 8
 Concurrent Workers: 2
 Concurrent Refinement Workers: 8
 Periodic GC: Disabled
Heap:
 garbage-first heap   total 346112K, used 149479K [0x0000000080000000, 0x0000000100000000)
  region size 1024K, 45 young (46080K), 10 survivors (10240K)
 Metaspace       used 66395K, committed 67008K, reserved 1114112K
  class space    used 8912K, committed 9216K, reserved 1048576K
GC Heap History (20 events):
Event: 8.245 GC heap before
{Heap before GC invocations=15 (full 0):
 garbage-first heap   total 102400K, used 81261K [0x0000000080000000, 0x0000000100000000)
  region size 1024K, 25 young (25600K), 3 survivors (3072K)
 Metaspace       used 41717K, committed 42112K, reserved 1089536K
  class space    used 5575K, committed 5760K, reserved 1048576K
}
Event: 8.251 GC heap after
{Heap after GC invocations=16 (full 0):
 garbage-first heap   total 102400K, used 63122K [0x0000000080000000, 0x0000000100000000)
  region size 1024K, 4 young (4096K), 4 survivors (4096K)
 Metaspace       used 41717K, committed 42112K, reserved 1089536K
  class space    used 5575K, committed 5760K, reserved 1048576K
}
Event: 8.566 GC heap before
{Heap before GC invocations=17 (full 0):
 garbage-first heap   total 116736K, used 84626K [0x0000000080000000, 0x0000000100000000)
  region size 1024K, 23 young (23552K), 4 survivors (4096K)
 Metaspace       used 43595K, committed 43968K, reserved 1089536K
  class space    used 5716K, committed 5888K, reserved 1048576K
}
Event: 8.571 GC heap after
{Heap after GC invocations=18 (full 0):
 garbage-first heap   total 116736K, used 64897K [0x0000000080000000, 0x0000000100000000)
  region size 1024K, 3 young (3072K), 3 survivors (3072K)
 Metaspace       used 43595K, committed 43968K, reserved 1089536K
  class space    used 5716K, committed 5888K, reserved 1048576K
}
Event: 8.617 GC heap before
{Heap before GC invocations=18 (full 0):
 garbage-first heap   total 116736K, used 66945K [0x0000000080000000, 0x0000000100000000)
  region size 1024K, 5 young (5120K), 3 survivors (3072K)
 Metaspace       used 43802K, committed 44288K, reserved 1089536K
  class space    used 5746K, committed 5952K, reserved 1048576K
}
Event: 8.620 GC heap after
{Heap after GC invocations=19 (full 0):
 garbage-first heap   total 116736K, used 65403K [0x0000000080000000, 0x0000000100000000)
  region size 1024K, 1 young (1024K), 1 survivors (1024K)
 Metaspace       used 43802K, committed 44288K, reserved 1089536K
  class space    used 5746K, committed 5952K, reserved 1048576K
}
Event: 9.172 GC heap before
{Heap before GC invocations=19 (full 0):
 garbage-first heap   total 116736K, used 88955K [0x0000000080000000, 0x0000000100000000)
  region size 1024K, 26 young (26624K), 1 survivors (1024K)
 Metaspace       used 46613K, committed 47104K, reserved 1097728K
  class space    used 6190K, committed 6400K, reserved 1048576K
}
Event: 9.175 GC heap after
{Heap after GC invocations=20 (full 0):
 garbage-first heap   total 116736K, used 67061K [0x0000000080000000, 0x0000000100000000)
  region size 1024K, 3 young (3072K), 3 survivors (3072K)
 Metaspace       used 46613K, committed 47104K, reserved 1097728K
  class space    used 6190K, committed 6400K, reserved 1048576K
}
Event: 9.784 GC heap before
{Heap before GC invocations=21 (full 0):
 garbage-first heap   total 143360K, used 116213K [0x0000000080000000, 0x0000000100000000)
  region size 1024K, 30 young (30720K), 3 survivors (3072K)
 Metaspace       used 49157K, committed 49664K, reserved 1097728K
  class space    used 6428K, committed 6656K, reserved 1048576K
}
Event: 9.789 GC heap after
{Heap after GC invocations=22 (full 0):
 garbage-first heap   total 143360K, used 93182K [0x0000000080000000, 0x0000000100000000)
  region size 1024K, 4 young (4096K), 4 survivors (4096K)
 Metaspace       used 49157K, committed 49664K, reserved 1097728K
  class space    used 6428K, committed 6656K, reserved 1048576K
}
Event: 9.794 GC heap before
{Heap before GC invocations=22 (full 0):
 garbage-first heap   total 143360K, used 96254K [0x0000000080000000, 0x0000000100000000)
  region size 1024K, 7 young (7168K), 4 survivors (4096K)
 Metaspace       used 49157K, committed 49664K, reserved 1097728K
  class space    used 6428K, committed 6656K, reserved 1048576K
}
Event: 9.798 GC heap after
{Heap after GC invocations=23 (full 0):
 garbage-first heap   total 143360K, used 92828K [0x0000000080000000, 0x0000000100000000)
  region size 1024K, 1 young (1024K), 1 survivors (1024K)
 Metaspace       used 49157K, committed 49664K, reserved 1097728K
  class space    used 6428K, committed 6656K, reserved 1048576K
}
Event: 10.190 GC heap before
{Heap before GC invocations=23 (full 0):
 garbage-first heap   total 143360K, used 110236K [0x0000000080000000, 0x0000000100000000)
  region size 1024K, 19 young (19456K), 1 survivors (1024K)
 Metaspace       used 50784K, committed 51264K, reserved 1097728K
  class space    used 6716K, committed 6912K, reserved 1048576K
}
Event: 10.193 GC heap after
{Heap after GC invocations=24 (full 0):
 garbage-first heap   total 143360K, used 94322K [0x0000000080000000, 0x0000000100000000)
  region size 1024K, 2 young (2048K), 2 survivors (2048K)
 Metaspace       used 50784K, committed 51264K, reserved 1097728K
  class space    used 6716K, committed 6912K, reserved 1048576K
}
Event: 10.723 GC heap before
{Heap before GC invocations=25 (full 0):
 garbage-first heap   total 173056K, used 124018K [0x0000000080000000, 0x0000000100000000)
  region size 1024K, 25 young (25600K), 2 survivors (2048K)
 Metaspace       used 53320K, committed 53952K, reserved 1097728K
  class space    used 7143K, committed 7424K, reserved 1048576K
}
Event: 10.729 GC heap after
{Heap after GC invocations=26 (full 0):
 garbage-first heap   total 346112K, used 103231K [0x0000000080000000, 0x0000000100000000)
  region size 1024K, 4 young (4096K), 4 survivors (4096K)
 Metaspace       used 53320K, committed 53952K, reserved 1097728K
  class space    used 7143K, committed 7424K, reserved 1048576K
}
Event: 11.247 GC heap before
{Heap before GC invocations=26 (full 0):
 garbage-first heap   total 346112K, used 115519K [0x0000000080000000, 0x0000000100000000)
  region size 1024K, 16 young (16384K), 4 survivors (4096K)
 Metaspace       used 54312K, committed 54912K, reserved 1097728K
  class space    used 7258K, committed 7552K, reserved 1048576K
}
Event: 11.254 GC heap after
{Heap after GC invocations=27 (full 0):
 garbage-first heap   total 346112K, used 104457K [0x0000000080000000, 0x0000000100000000)
  region size 1024K, 2 young (2048K), 2 survivors (2048K)
 Metaspace       used 54312K, committed 54912K, reserved 1097728K
  class space    used 7258K, committed 7552K, reserved 1048576K
}
Event: 13.362 GC heap before
{Heap before GC invocations=27 (full 0):
 garbage-first heap   total 346112K, used 227337K [0x0000000080000000, 0x0000000100000000)
  region size 1024K, 120 young (122880K), 2 survivors (2048K)
 Metaspace       used 61299K, committed 61888K, reserved 1105920K
  class space    used 8225K, committed 8512K, reserved 1048576K
}
Event: 13.375 GC heap after
{Heap after GC invocations=28 (full 0):
 garbage-first heap   total 346112K, used 114663K [0x0000000080000000, 0x0000000100000000)
  region size 1024K, 10 young (10240K), 10 survivors (10240K)
 Metaspace       used 61299K, committed 61888K, reserved 1105920K
  class space    used 8225K, committed 8512K, reserved 1048576K
}

