# JRE version: OpenJDK Runtime Environment (17.0.6) (build 17.0.6+0-b2043.56-9586694)
# Java VM: OpenJDK 64-Bit Server VM (17.0.6+0-b2043.56-9586694, mixed mode, tiered, compressed oops, compressed class ptrs, g1 gc, windows-amd64)
GC Precious Log:
 CPUs: 8 total, 8 available
 Memory: 6020M
 Large Page Support: Disabled
 NUMA Support: Disabled
 Compressed Oops: Enabled (32-bit)
 Heap Region Size: 1M
 Heap Min Capacity: 8M
 Heap Initial Capacity: 96M
 Heap Max Capacity: 2G
 Pre-touch: Disabled
 Parallel Workers: 8
 Concurrent Workers: 2
 Concurrent Refinement Workers: 8
 Periodic GC: Disabled
Heap:
 garbage-first heap   total 424960K, used 259015K [0x0000000080000000, 0x0000000100000000)
  region size 1024K, 4 young (4096K), 4 survivors (4096K)
 Metaspace       used 123994K, committed 125056K, reserved 1163264K
  class space    used 16565K, committed 17024K, reserved 1048576K
GC Heap History (20 events):
Event: 438.659 GC heap after
{Heap after GC invocations=65 (full 0):
 garbage-first heap   total 332800K, used 205824K [0x0000000080000000, 0x0000000100000000)
  region size 1024K, 2 young (2048K), 2 survivors (2048K)
 Metaspace       used 108382K, committed 109440K, reserved 1146880K
  class space    used 14452K, committed 14912K, reserved 1048576K
}
Event: 441.387 GC heap before
{Heap before GC invocations=65 (full 0):
 garbage-first heap   total 332800K, used 274432K [0x0000000080000000, 0x0000000100000000)
  region size 1024K, 70 young (71680K), 2 survivors (2048K)
 Metaspace       used 109315K, committed 110400K, reserved 1146880K
  class space    used 14618K, committed 15104K, reserved 1048576K
}
Event: 441.400 GC heap after
{Heap after GC invocations=66 (full 0):
 garbage-first heap   total 332800K, used 214553K [0x0000000080000000, 0x0000000100000000)
  region size 1024K, 9 young (9216K), 9 survivors (9216K)
 Metaspace       used 109315K, committed 110400K, reserved 1146880K
  class space    used 14618K, committed 15104K, reserved 1048576K
}
Event: 443.097 GC heap before
{Heap before GC invocations=67 (full 0):
 garbage-first heap   total 362496K, used 269849K [0x0000000080000000, 0x0000000100000000)
  region size 1024K, 68 young (69632K), 9 survivors (9216K)
 Metaspace       used 112669K, committed 113792K, reserved 1155072K
  class space    used 15033K, committed 15552K, reserved 1048576K
}
Event: 443.112 GC heap after
{Heap after GC invocations=68 (full 0):
 garbage-first heap   total 362496K, used 216096K [0x0000000080000000, 0x0000000100000000)
  region size 1024K, 6 young (6144K), 6 survivors (6144K)
 Metaspace       used 112669K, committed 113792K, reserved 1155072K
  class space    used 15033K, committed 15552K, reserved 1048576K
}
Event: 443.223 GC heap before
{Heap before GC invocations=68 (full 0):
 garbage-first heap   total 362496K, used 226336K [0x0000000080000000, 0x0000000100000000)
  region size 1024K, 17 young (17408K), 6 survivors (6144K)
 Metaspace       used 112693K, committed 113792K, reserved 1155072K
  class space    used 15035K, committed 15552K, reserved 1048576K
}
Event: 443.236 GC heap after
{Heap after GC invocations=69 (full 0):
 garbage-first heap   total 362496K, used 214846K [0x0000000080000000, 0x0000000100000000)
  region size 1024K, 2 young (2048K), 2 survivors (2048K)
 Metaspace       used 112693K, committed 113792K, reserved 1155072K
  class space    used 15035K, committed 15552K, reserved 1048576K
}
Event: 444.651 GC heap before
{Heap before GC invocations=69 (full 0):
 garbage-first heap   total 362496K, used 297790K [0x0000000080000000, 0x0000000100000000)
  region size 1024K, 84 young (86016K), 2 survivors (2048K)
 Metaspace       used 118661K, committed 119744K, reserved 1155072K
  class space    used 15833K, committed 16320K, reserved 1048576K
}
Event: 444.660 GC heap after
{Heap after GC invocations=70 (full 0):
 garbage-first heap   total 362496K, used 220071K [0x0000000080000000, 0x0000000100000000)
  region size 1024K, 7 young (7168K), 7 survivors (7168K)
 Metaspace       used 118661K, committed 119744K, reserved 1155072K
  class space    used 15833K, committed 16320K, reserved 1048576K
}
Event: 445.423 GC heap before
{Heap before GC invocations=71 (full 0):
 garbage-first heap   total 380928K, used 298919K [0x0000000080000000, 0x0000000100000000)
  region size 1024K, 85 young (87040K), 7 survivors (7168K)
 Metaspace       used 119774K, committed 120832K, reserved 1155072K
  class space    used 15985K, committed 16512K, reserved 1048576K
}
Event: 445.437 GC heap after
{Heap after GC invocations=72 (full 0):
 garbage-first heap   total 380928K, used 226093K [0x0000000080000000, 0x0000000100000000)
  region size 1024K, 11 young (11264K), 11 survivors (11264K)
 Metaspace       used 119774K, committed 120832K, reserved 1155072K
  class space    used 15985K, committed 16512K, reserved 1048576K
}
Event: 445.475 GC heap before
{Heap before GC invocations=72 (full 0):
 garbage-first heap   total 380928K, used 233261K [0x0000000080000000, 0x0000000100000000)
  region size 1024K, 18 young (18432K), 11 survivors (11264K)
 Metaspace       used 119774K, committed 120832K, reserved 1155072K
  class space    used 15985K, committed 16512K, reserved 1048576K
}
Event: 445.493 GC heap after
{Heap after GC invocations=73 (full 0):
 garbage-first heap   total 380928K, used 225198K [0x0000000080000000, 0x0000000100000000)
  region size 1024K, 2 young (2048K), 2 survivors (2048K)
 Metaspace       used 119774K, committed 120832K, reserved 1155072K
  class space    used 15985K, committed 16512K, reserved 1048576K
}
Event: 446.005 GC heap before
{Heap before GC invocations=73 (full 0):
 garbage-first heap   total 380928K, used 294830K [0x0000000080000000, 0x0000000100000000)
  region size 1024K, 72 young (73728K), 2 survivors (2048K)
 Metaspace       used 120528K, committed 121664K, reserved 1155072K
  class space    used 16066K, committed 16576K, reserved 1048576K
}
Event: 446.015 GC heap after
{Heap after GC invocations=74 (full 0):
 garbage-first heap   total 380928K, used 230563K [0x0000000080000000, 0x0000000100000000)
  region size 1024K, 7 young (7168K), 7 survivors (7168K)
 Metaspace       used 120528K, committed 121664K, reserved 1155072K
  class space    used 16066K, committed 16576K, reserved 1048576K
}
Event: 447.132 GC heap before
{Heap before GC invocations=75 (full 0):
 garbage-first heap   total 424960K, used 341155K [0x0000000080000000, 0x0000000100000000)
  region size 1024K, 93 young (95232K), 7 survivors (7168K)
 Metaspace       used 123987K, committed 125056K, reserved 1163264K
  class space    used 16565K, committed 17024K, reserved 1048576K
}
Event: 447.142 GC heap after
{Heap after GC invocations=76 (full 0):
 garbage-first heap   total 424960K, used 252500K [0x0000000080000000, 0x0000000100000000)
  region size 1024K, 9 young (9216K), 9 survivors (9216K)
 Metaspace       used 123987K, committed 125056K, reserved 1163264K
  class space    used 16565K, committed 17024K, reserved 1048576K
}
Event: 447.158 GC heap before
{Heap before GC invocations=76 (full 0):
 garbage-first heap   total 424960K, used 269908K [0x0000000080000000, 0x0000000100000000)
  region size 1024K, 20 young (20480K), 9 survivors (9216K)
 Metaspace       used 123994K, committed 125056K, reserved 1163264K
  class space    used 16565K, committed 17024K, reserved 1048576K
}
Event: 447.173 GC heap after
{Heap after GC invocations=77 (full 0):
 garbage-first heap   total 424960K, used 258516K [0x0000000080000000, 0x0000000100000000)
  region size 1024K, 3 young (3072K), 3 survivors (3072K)
 Metaspace       used 123994K, committed 125056K, reserved 1163264K
  class space    used 16565K, committed 17024K, reserved 1048576K
}
Event: 447.174 GC heap before
{Heap before GC invocations=77 (full 0):
 garbage-first heap   total 424960K, used 259540K [0x0000000080000000, 0x0000000100000000)
  region size 1024K, 5 young (5120K), 3 survivors (3072K)
 Metaspace       used 123994K, committed 125056K, reserved 1163264K
  class space    used 16565K, committed 17024K, reserved 1048576K
}

