# JRE version: OpenJDK Runtime Environment (17.0.6) (build 17.0.6+0-b2043.56-9586694)
# Java VM: OpenJDK 64-Bit Server VM (17.0.6+0-b2043.56-9586694, mixed mode, tiered, compressed oops, compressed class ptrs, g1 gc, windows-amd64)
GC Precious Log:
 CPUs: 8 total, 8 available
 Memory: 6020M
 Large Page Support: Disabled
 NUMA Support: Disabled
 Compressed Oops: Enabled (32-bit)
 Heap Region Size: 1M
 Heap Min Capacity: 8M
 Heap Initial Capacity: 96M
 Heap Max Capacity: 2G
 Pre-touch: Disabled
 Parallel Workers: 8
 Concurrent Workers: 2
 Concurrent Refinement Workers: 8
 Periodic GC: Disabled
Heap:
 garbage-first heap   total 332800K, used 200378K [0x0000000080000000, 0x0000000100000000)
  region size 1024K, 115 young (117760K), 7 survivors (7168K)
 Metaspace       used 95586K, committed 96320K, reserved 1138688K
  class space    used 13064K, committed 13440K, reserved 1048576K
GC Heap History (20 events):
Event: 12.385 GC heap before
{Heap before GC invocations=23 (full 0):
 garbage-first heap   total 107520K, used 80736K [0x0000000080000000, 0x0000000100000000)
  region size 1024K, 31 young (31744K), 1 survivors (1024K)
 Metaspace       used 66112K, committed 66688K, reserved 1114112K
  class space    used 8720K, committed 8960K, reserved 1048576K
}
Event: 12.389 GC heap after
{Heap after GC invocations=24 (full 0):
 garbage-first heap   total 165888K, used 52459K [0x0000000080000000, 0x0000000100000000)
  region size 1024K, 3 young (3072K), 3 survivors (3072K)
 Metaspace       used 66112K, committed 66688K, reserved 1114112K
  class space    used 8720K, committed 8960K, reserved 1048576K
}
Event: 13.476 GC heap before
{Heap before GC invocations=25 (full 0):
 garbage-first heap   total 165888K, used 120043K [0x0000000080000000, 0x0000000100000000)
  region size 1024K, 68 young (69632K), 3 survivors (3072K)
 Metaspace       used 69222K, committed 69760K, reserved 1114112K
  class space    used 9157K, committed 9408K, reserved 1048576K
}
Event: 13.485 GC heap after
{Heap after GC invocations=26 (full 0):
 garbage-first heap   total 165888K, used 57496K [0x0000000080000000, 0x0000000100000000)
  region size 1024K, 8 young (8192K), 8 survivors (8192K)
 Metaspace       used 69222K, committed 69760K, reserved 1114112K
  class space    used 9157K, committed 9408K, reserved 1048576K
}
Event: 13.494 GC heap before
{Heap before GC invocations=26 (full 0):
 garbage-first heap   total 165888K, used 57496K [0x0000000080000000, 0x0000000100000000)
  region size 1024K, 9 young (9216K), 8 survivors (8192K)
 Metaspace       used 69279K, committed 69888K, reserved 1114112K
  class space    used 9165K, committed 9472K, reserved 1048576K
}
Event: 13.503 GC heap after
{Heap after GC invocations=27 (full 0):
 garbage-first heap   total 165888K, used 57917K [0x0000000080000000, 0x0000000100000000)
  region size 1024K, 1 young (1024K), 1 survivors (1024K)
 Metaspace       used 69279K, committed 69888K, reserved 1114112K
  class space    used 9165K, committed 9472K, reserved 1048576K
}
Event: 14.767 GC heap before
{Heap before GC invocations=27 (full 0):
 garbage-first heap   total 165888K, used 124477K [0x0000000080000000, 0x0000000100000000)
  region size 1024K, 66 young (67584K), 1 survivors (1024K)
 Metaspace       used 74328K, committed 74944K, reserved 1114112K
  class space    used 10080K, committed 10368K, reserved 1048576K
}
Event: 14.773 GC heap after
{Heap after GC invocations=28 (full 0):
 garbage-first heap   total 165888K, used 62066K [0x0000000080000000, 0x0000000100000000)
  region size 1024K, 5 young (5120K), 5 survivors (5120K)
 Metaspace       used 74328K, committed 74944K, reserved 1114112K
  class space    used 10080K, committed 10368K, reserved 1048576K
}
Event: 16.270 GC heap before
{Heap before GC invocations=28 (full 0):
 garbage-first heap   total 165888K, used 127602K [0x0000000080000000, 0x0000000100000000)
  region size 1024K, 69 young (70656K), 5 survivors (5120K)
 Metaspace       used 81125K, committed 81792K, reserved 1122304K
  class space    used 11063K, committed 11392K, reserved 1048576K
}
Event: 16.283 GC heap after
{Heap after GC invocations=29 (full 0):
 garbage-first heap   total 165888K, used 67775K [0x0000000080000000, 0x0000000100000000)
  region size 1024K, 6 young (6144K), 6 survivors (6144K)
 Metaspace       used 81125K, committed 81792K, reserved 1122304K
  class space    used 11063K, committed 11392K, reserved 1048576K
}
Event: 16.940 GC heap before
{Heap before GC invocations=29 (full 0):
 garbage-first heap   total 165888K, used 129215K [0x0000000080000000, 0x0000000100000000)
  region size 1024K, 66 young (67584K), 6 survivors (6144K)
 Metaspace       used 83018K, committed 83648K, reserved 1122304K
  class space    used 11363K, committed 11648K, reserved 1048576K
}
Event: 16.953 GC heap after
{Heap after GC invocations=30 (full 0):
 garbage-first heap   total 165888K, used 76747K [0x0000000080000000, 0x0000000100000000)
  region size 1024K, 9 young (9216K), 9 survivors (9216K)
 Metaspace       used 83018K, committed 83648K, reserved 1122304K
  class space    used 11363K, committed 11648K, reserved 1048576K
}
Event: 17.852 GC heap before
{Heap before GC invocations=30 (full 0):
 garbage-first heap   total 165888K, used 128971K [0x0000000080000000, 0x0000000100000000)
  region size 1024K, 61 young (62464K), 9 survivors (9216K)
 Metaspace       used 85169K, committed 85824K, reserved 1130496K
  class space    used 11765K, committed 12032K, reserved 1048576K
}
Event: 17.865 GC heap after
{Heap after GC invocations=31 (full 0):
 garbage-first heap   total 165888K, used 82183K [0x0000000080000000, 0x0000000100000000)
  region size 1024K, 6 young (6144K), 6 survivors (6144K)
 Metaspace       used 85169K, committed 85824K, reserved 1130496K
  class space    used 11765K, committed 12032K, reserved 1048576K
}
Event: 18.817 GC heap before
{Heap before GC invocations=31 (full 0):
 garbage-first heap   total 165888K, used 130311K [0x0000000080000000, 0x0000000100000000)
  region size 1024K, 54 young (55296K), 6 survivors (6144K)
 Metaspace       used 85810K, committed 86464K, reserved 1130496K
  class space    used 11820K, committed 12096K, reserved 1048576K
}
Event: 18.828 GC heap after
{Heap after GC invocations=32 (full 0):
 garbage-first heap   total 165888K, used 86025K [0x0000000080000000, 0x0000000100000000)
  region size 1024K, 4 young (4096K), 4 survivors (4096K)
 Metaspace       used 85810K, committed 86464K, reserved 1130496K
  class space    used 11820K, committed 12096K, reserved 1048576K
}
Event: 19.424 GC heap before
{Heap before GC invocations=32 (full 0):
 garbage-first heap   total 165888K, used 132105K [0x0000000080000000, 0x0000000100000000)
  region size 1024K, 50 young (51200K), 4 survivors (4096K)
 Metaspace       used 86112K, committed 86784K, reserved 1130496K
  class space    used 11830K, committed 12096K, reserved 1048576K
}
Event: 19.432 GC heap after
{Heap after GC invocations=33 (full 0):
 garbage-first heap   total 165888K, used 88637K [0x0000000080000000, 0x0000000100000000)
  region size 1024K, 7 young (7168K), 7 survivors (7168K)
 Metaspace       used 86112K, committed 86784K, reserved 1130496K
  class space    used 11830K, committed 12096K, reserved 1048576K
}
Event: 20.043 GC heap before
{Heap before GC invocations=33 (full 0):
 garbage-first heap   total 165888K, used 133693K [0x0000000080000000, 0x0000000100000000)
  region size 1024K, 52 young (53248K), 7 survivors (7168K)
 Metaspace       used 87951K, committed 88640K, reserved 1130496K
  class space    used 12030K, committed 12288K, reserved 1048576K
}
Event: 20.055 GC heap after
{Heap after GC invocations=34 (full 0):
 garbage-first heap   total 332800K, used 91834K [0x0000000080000000, 0x0000000100000000)
  region size 1024K, 7 young (7168K), 7 survivors (7168K)
 Metaspace       used 87951K, committed 88640K, reserved 1130496K
  class space    used 12030K, committed 12288K, reserved 1048576K
}

