# JRE version: OpenJDK Runtime Environment (17.0.6) (build 17.0.6+0-b2043.56-9586694)
# Java VM: OpenJDK 64-Bit Server VM (17.0.6+0-b2043.56-9586694, mixed mode, tiered, compressed oops, compressed class ptrs, g1 gc, windows-amd64)
GC Precious Log:
 CPUs: 8 total, 8 available
 Memory: 6020M
 Large Page Support: Disabled
 NUMA Support: Disabled
 Compressed Oops: Enabled (32-bit)
 Heap Region Size: 1M
 Heap Min Capacity: 8M
 Heap Initial Capacity: 96M
 Heap Max Capacity: 2G
 Pre-touch: Disabled
 Parallel Workers: 8
 Concurrent Workers: 2
 Concurrent Refinement Workers: 8
 Periodic GC: Disabled
Heap:
 garbage-first heap   total 189440K, used 110357K [0x0000000080000000, 0x0000000100000000)
  region size 1024K, 3 young (3072K), 3 survivors (3072K)
 Metaspace       used 101400K, committed 102080K, reserved 1138688K
  class space    used 13863K, committed 14208K, reserved 1048576K
GC Heap History (20 events):
Event: 15.590 GC heap after
{Heap after GC invocations=22 (full 0):
 garbage-first heap   total 157696K, used 76195K [0x0000000080000000, 0x0000000100000000)
  region size 1024K, 8 young (8192K), 8 survivors (8192K)
 Metaspace       used 82502K, committed 83200K, reserved 1122304K
  class space    used 11244K, committed 11584K, reserved 1048576K
}
Event: 16.493 GC heap before
{Heap before GC invocations=22 (full 0):
 garbage-first heap   total 157696K, used 125347K [0x0000000080000000, 0x0000000100000000)
  region size 1024K, 57 young (58368K), 8 survivors (8192K)
 Metaspace       used 85215K, committed 85952K, reserved 1130496K
  class space    used 11767K, committed 12096K, reserved 1048576K
}
Event: 16.505 GC heap after
{Heap after GC invocations=23 (full 0):
 garbage-first heap   total 157696K, used 82792K [0x0000000080000000, 0x0000000100000000)
  region size 1024K, 7 young (7168K), 7 survivors (7168K)
 Metaspace       used 85215K, committed 85952K, reserved 1130496K
  class space    used 11767K, committed 12096K, reserved 1048576K
}
Event: 17.026 GC heap before
{Heap before GC invocations=23 (full 0):
 garbage-first heap   total 157696K, used 125800K [0x0000000080000000, 0x0000000100000000)
  region size 1024K, 50 young (51200K), 7 survivors (7168K)
 Metaspace       used 85501K, committed 86144K, reserved 1130496K
  class space    used 11768K, committed 12096K, reserved 1048576K
}
Event: 17.035 GC heap after
{Heap after GC invocations=24 (full 0):
 garbage-first heap   total 157696K, used 85234K [0x0000000080000000, 0x0000000100000000)
  region size 1024K, 3 young (3072K), 3 survivors (3072K)
 Metaspace       used 85501K, committed 86144K, reserved 1130496K
  class space    used 11768K, committed 12096K, reserved 1048576K
}
Event: 17.645 GC heap before
{Heap before GC invocations=25 (full 0):
 garbage-first heap   total 157696K, used 127218K [0x0000000080000000, 0x0000000100000000)
  region size 1024K, 45 young (46080K), 3 survivors (3072K)
 Metaspace       used 85993K, committed 86656K, reserved 1130496K
  class space    used 11820K, committed 12096K, reserved 1048576K
}
Event: 17.651 GC heap after
{Heap after GC invocations=26 (full 0):
 garbage-first heap   total 157696K, used 88176K [0x0000000080000000, 0x0000000100000000)
  region size 1024K, 6 young (6144K), 6 survivors (6144K)
 Metaspace       used 85993K, committed 86656K, reserved 1130496K
  class space    used 11820K, committed 12096K, reserved 1048576K
}
Event: 17.659 GC heap before
{Heap before GC invocations=26 (full 0):
 garbage-first heap   total 157696K, used 89200K [0x0000000080000000, 0x0000000100000000)
  region size 1024K, 7 young (7168K), 6 survivors (6144K)
 Metaspace       used 86010K, committed 86656K, reserved 1130496K
  class space    used 11820K, committed 12096K, reserved 1048576K
}
Event: 17.667 GC heap after
{Heap after GC invocations=27 (full 0):
 garbage-first heap   total 189440K, used 88253K [0x0000000080000000, 0x0000000100000000)
  region size 1024K, 1 young (1024K), 1 survivors (1024K)
 Metaspace       used 86010K, committed 86656K, reserved 1130496K
  class space    used 11820K, committed 12096K, reserved 1048576K
}
Event: 19.091 GC heap before
{Heap before GC invocations=27 (full 0):
 garbage-first heap   total 189440K, used 151741K [0x0000000080000000, 0x0000000100000000)
  region size 1024K, 64 young (65536K), 1 survivors (1024K)
 Metaspace       used 90878K, committed 91584K, reserved 1130496K
  class space    used 12420K, committed 12736K, reserved 1048576K
}
Event: 19.098 GC heap after
{Heap after GC invocations=28 (full 0):
 garbage-first heap   total 189440K, used 91204K [0x0000000080000000, 0x0000000100000000)
  region size 1024K, 4 young (4096K), 4 survivors (4096K)
 Metaspace       used 90878K, committed 91584K, reserved 1130496K
  class space    used 12420K, committed 12736K, reserved 1048576K
}
Event: 20.060 GC heap before
{Heap before GC invocations=29 (full 0):
 garbage-first heap   total 189440K, used 152644K [0x0000000080000000, 0x0000000100000000)
  region size 1024K, 65 young (66560K), 4 survivors (4096K)
 Metaspace       used 93504K, committed 94272K, reserved 1130496K
  class space    used 12767K, committed 13120K, reserved 1048576K
}
Event: 20.070 GC heap after
{Heap after GC invocations=30 (full 0):
 garbage-first heap   total 189440K, used 96422K [0x0000000080000000, 0x0000000100000000)
  region size 1024K, 9 young (9216K), 9 survivors (9216K)
 Metaspace       used 93504K, committed 94272K, reserved 1130496K
  class space    used 12767K, committed 13120K, reserved 1048576K
}
Event: 20.075 GC heap before
{Heap before GC invocations=30 (full 0):
 garbage-first heap   total 189440K, used 97446K [0x0000000080000000, 0x0000000100000000)
  region size 1024K, 10 young (10240K), 9 survivors (9216K)
 Metaspace       used 93520K, committed 94272K, reserved 1130496K
  class space    used 12769K, committed 13120K, reserved 1048576K
}
Event: 20.095 GC heap after
{Heap after GC invocations=31 (full 0):
 garbage-first heap   total 189440K, used 97149K [0x0000000080000000, 0x0000000100000000)
  region size 1024K, 2 young (2048K), 2 survivors (2048K)
 Metaspace       used 93520K, committed 94272K, reserved 1130496K
  class space    used 12769K, committed 13120K, reserved 1048576K
}
Event: 20.560 GC heap before
{Heap before GC invocations=31 (full 0):
 garbage-first heap   total 189440K, used 154493K [0x0000000080000000, 0x0000000100000000)
  region size 1024K, 59 young (60416K), 2 survivors (2048K)
 Metaspace       used 95469K, committed 96192K, reserved 1138688K
  class space    used 13026K, committed 13376K, reserved 1048576K
}
Event: 20.567 GC heap after
{Heap after GC invocations=32 (full 0):
 garbage-first heap   total 189440K, used 101160K [0x0000000080000000, 0x0000000100000000)
  region size 1024K, 6 young (6144K), 6 survivors (6144K)
 Metaspace       used 95469K, committed 96192K, reserved 1138688K
  class space    used 13026K, committed 13376K, reserved 1048576K
}
Event: 21.070 GC heap before
{Heap before GC invocations=32 (full 0):
 garbage-first heap   total 189440K, used 154408K [0x0000000080000000, 0x0000000100000000)
  region size 1024K, 59 young (60416K), 6 survivors (6144K)
 Metaspace       used 99140K, committed 99904K, reserved 1138688K
  class space    used 13537K, committed 13888K, reserved 1048576K
}
Event: 21.081 GC heap after
{Heap after GC invocations=33 (full 0):
 garbage-first heap   total 189440K, used 107826K [0x0000000080000000, 0x0000000100000000)
  region size 1024K, 7 young (7168K), 7 survivors (7168K)
 Metaspace       used 99140K, committed 99904K, reserved 1138688K
  class space    used 13537K, committed 13888K, reserved 1048576K
}
Event: 21.310 GC heap before
{Heap before GC invocations=33 (full 0):
 garbage-first heap   total 189440K, used 156978K [0x0000000080000000, 0x0000000100000000)
  region size 1024K, 55 young (56320K), 7 survivors (7168K)
 Metaspace       used 101400K, committed 102080K, reserved 1138688K
  class space    used 13863K, committed 14208K, reserved 1048576K
}

