# JRE version: OpenJDK Runtime Environment (17.0.6) (build 17.0.6+0-b2043.56-9586694)
# Java VM: OpenJDK 64-Bit Server VM (17.0.6+0-b2043.56-9586694, mixed mode, tiered, compressed oops, compressed class ptrs, g1 gc, windows-amd64)
GC Precious Log:
 CPUs: 8 total, 8 available
 Memory: 6020M
 Large Page Support: Disabled
 NUMA Support: Disabled
 Compressed Oops: Enabled (32-bit)
 Heap Region Size: 1M
 Heap Min Capacity: 8M
 Heap Initial Capacity: 96M
 Heap Max Capacity: 2G
 Pre-touch: Disabled
 Parallel Workers: 8
 Concurrent Workers: 2
 Concurrent Refinement Workers: 8
 Periodic GC: Disabled
Heap:
 garbage-first heap   total 285696K, used 194651K [0x0000000080000000, 0x0000000100000000)
  region size 1024K, 14 young (14336K), 5 survivors (5120K)
 Metaspace       used 104412K, committed 105216K, reserved 1146880K
  class space    used 13997K, committed 14336K, reserved 1048576K
GC Heap History (20 events):
Event: 20.869 GC heap before
{Heap before GC invocations=42 (full 0):
 garbage-first heap   total 206848K, used 127573K [0x0000000080000000, 0x0000000100000000)
  region size 1024K, 10 young (10240K), 5 survivors (5120K)
 Metaspace       used 70100K, committed 70720K, reserved 1114112K
  class space    used 9314K, committed 9600K, reserved 1048576K
}
Event: 20.874 GC heap after
{Heap after GC invocations=43 (full 0):
 garbage-first heap   total 206848K, used 122655K [0x0000000080000000, 0x0000000100000000)
  region size 1024K, 1 young (1024K), 1 survivors (1024K)
 Metaspace       used 70100K, committed 70720K, reserved 1114112K
  class space    used 9314K, committed 9600K, reserved 1048576K
}
Event: 21.660 GC heap before
{Heap before GC invocations=43 (full 0):
 garbage-first heap   total 206848K, used 162591K [0x0000000080000000, 0x0000000100000000)
  region size 1024K, 40 young (40960K), 1 survivors (1024K)
 Metaspace       used 73805K, committed 74432K, reserved 1114112K
  class space    used 9996K, committed 10304K, reserved 1048576K
}
Event: 21.669 GC heap after
{Heap after GC invocations=44 (full 0):
 garbage-first heap   total 206848K, used 124988K [0x0000000080000000, 0x0000000100000000)
  region size 1024K, 4 young (4096K), 4 survivors (4096K)
 Metaspace       used 73805K, committed 74432K, reserved 1114112K
  class space    used 9996K, committed 10304K, reserved 1048576K
}
Event: 22.538 GC heap before
{Heap before GC invocations=45 (full 0):
 garbage-first heap   total 217088K, used 163900K [0x0000000080000000, 0x0000000100000000)
  region size 1024K, 42 young (43008K), 4 survivors (4096K)
 Metaspace       used 76196K, committed 76864K, reserved 1122304K
  class space    used 10375K, committed 10688K, reserved 1048576K
}
Event: 22.547 GC heap after
{Heap after GC invocations=46 (full 0):
 garbage-first heap   total 217088K, used 128078K [0x0000000080000000, 0x0000000100000000)
  region size 1024K, 6 young (6144K), 6 survivors (6144K)
 Metaspace       used 76196K, committed 76864K, reserved 1122304K
  class space    used 10375K, committed 10688K, reserved 1048576K
}
Event: 22.658 GC heap before
{Heap before GC invocations=46 (full 0):
 garbage-first heap   total 217088K, used 132174K [0x0000000080000000, 0x0000000100000000)
  region size 1024K, 10 young (10240K), 6 survivors (6144K)
 Metaspace       used 76557K, committed 77312K, reserved 1122304K
  class space    used 10429K, committed 10752K, reserved 1048576K
}
Event: 22.668 GC heap after
{Heap after GC invocations=47 (full 0):
 garbage-first heap   total 261120K, used 128718K [0x0000000080000000, 0x0000000100000000)
  region size 1024K, 1 young (1024K), 1 survivors (1024K)
 Metaspace       used 76557K, committed 77312K, reserved 1122304K
  class space    used 10429K, committed 10752K, reserved 1048576K
}
Event: 25.151 GC heap before
{Heap before GC invocations=47 (full 0):
 garbage-first heap   total 261120K, used 230094K [0x0000000080000000, 0x0000000100000000)
  region size 1024K, 71 young (72704K), 1 survivors (1024K)
 Metaspace       used 81806K, committed 82560K, reserved 1122304K
  class space    used 11184K, committed 11520K, reserved 1048576K
}
Event: 25.161 GC heap after
{Heap after GC invocations=48 (full 0):
 garbage-first heap   total 261120K, used 167770K [0x0000000080000000, 0x0000000100000000)
  region size 1024K, 9 young (9216K), 9 survivors (9216K)
 Metaspace       used 81806K, committed 82560K, reserved 1122304K
  class space    used 11184K, committed 11520K, reserved 1048576K
}
Event: 26.645 GC heap before
{Heap before GC invocations=49 (full 0):
 garbage-first heap   total 285696K, used 212826K [0x0000000080000000, 0x0000000100000000)
  region size 1024K, 53 young (54272K), 9 survivors (9216K)
 Metaspace       used 89011K, committed 89792K, reserved 1130496K
  class space    used 12124K, committed 12480K, reserved 1048576K
}
Event: 26.660 GC heap after
{Heap after GC invocations=50 (full 0):
 garbage-first heap   total 285696K, used 171025K [0x0000000080000000, 0x0000000100000000)
  region size 1024K, 3 young (3072K), 3 survivors (3072K)
 Metaspace       used 89011K, committed 89792K, reserved 1130496K
  class space    used 12124K, committed 12480K, reserved 1048576K
}
Event: 27.239 GC heap before
{Heap before GC invocations=50 (full 0):
 garbage-first heap   total 285696K, used 181265K [0x0000000080000000, 0x0000000100000000)
  region size 1024K, 13 young (13312K), 3 survivors (3072K)
 Metaspace       used 91080K, committed 91776K, reserved 1130496K
  class space    used 12366K, committed 12672K, reserved 1048576K
}
Event: 27.246 GC heap after
{Heap after GC invocations=51 (full 0):
 garbage-first heap   total 285696K, used 171740K [0x0000000080000000, 0x0000000100000000)
  region size 1024K, 1 young (1024K), 1 survivors (1024K)
 Metaspace       used 91080K, committed 91776K, reserved 1130496K
  class space    used 12366K, committed 12672K, reserved 1048576K
}
Event: 34.801 GC heap before
{Heap before GC invocations=51 (full 0):
 garbage-first heap   total 285696K, used 228060K [0x0000000080000000, 0x0000000100000000)
  region size 1024K, 57 young (58368K), 1 survivors (1024K)
 Metaspace       used 101935K, committed 102720K, reserved 1138688K
  class space    used 13738K, committed 14080K, reserved 1048576K
}
Event: 34.825 GC heap after
{Heap after GC invocations=52 (full 0):
 garbage-first heap   total 285696K, used 176803K [0x0000000080000000, 0x0000000100000000)
  region size 1024K, 6 young (6144K), 6 survivors (6144K)
 Metaspace       used 101935K, committed 102720K, reserved 1138688K
  class space    used 13738K, committed 14080K, reserved 1048576K
}
Event: 37.747 GC heap before
{Heap before GC invocations=52 (full 0):
 garbage-first heap   total 285696K, used 232099K [0x0000000080000000, 0x0000000100000000)
  region size 1024K, 61 young (62464K), 6 survivors (6144K)
 Metaspace       used 103256K, committed 104064K, reserved 1146880K
  class space    used 13887K, committed 14272K, reserved 1048576K
}
Event: 37.766 GC heap after
{Heap after GC invocations=53 (full 0):
 garbage-first heap   total 285696K, used 182414K [0x0000000080000000, 0x0000000100000000)
  region size 1024K, 6 young (6144K), 6 survivors (6144K)
 Metaspace       used 103256K, committed 104064K, reserved 1146880K
  class space    used 13887K, committed 14272K, reserved 1048576K
}
Event: 39.317 GC heap before
{Heap before GC invocations=53 (full 0):
 garbage-first heap   total 285696K, used 234638K [0x0000000080000000, 0x0000000100000000)
  region size 1024K, 58 young (59392K), 6 survivors (6144K)
 Metaspace       used 104352K, committed 105152K, reserved 1146880K
  class space    used 13990K, committed 14336K, reserved 1048576K
}
Event: 39.328 GC heap after
{Heap after GC invocations=54 (full 0):
 garbage-first heap   total 285696K, used 186459K [0x0000000080000000, 0x0000000100000000)
  region size 1024K, 5 young (5120K), 5 survivors (5120K)
 Metaspace       used 104352K, committed 105152K, reserved 1146880K
  class space    used 13990K, committed 14336K, reserved 1048576K
}

