# JRE version: OpenJDK Runtime Environment (17.0.6) (build 17.0.6+0-b2043.56-9586694)
# Java VM: OpenJDK 64-Bit Server VM (17.0.6+0-b2043.56-9586694, mixed mode, tiered, compressed oops, compressed class ptrs, g1 gc, windows-amd64)
GC Precious Log:
 CPUs: 8 total, 8 available
 Memory: 6020M
 Large Page Support: Disabled
 NUMA Support: Disabled
 Compressed Oops: Enabled (32-bit)
 Heap Region Size: 1M
 Heap Min Capacity: 8M
 Heap Initial Capacity: 96M
 Heap Max Capacity: 2G
 Pre-touch: Disabled
 Parallel Workers: 8
 Concurrent Workers: 2
 Concurrent Refinement Workers: 8
 Periodic GC: Disabled
Heap:
 garbage-first heap   total 261120K, used 166480K [0x0000000080000000, 0x0000000100000000)
  region size 1024K, 6 young (6144K), 3 survivors (3072K)
 Metaspace       used 83405K, committed 84160K, reserved 1122304K
  class space    used 11398K, committed 11712K, reserved 1048576K
GC Heap History (20 events):
Event: 12.619 GC heap before
{Heap before GC invocations=37 (full 0):
 garbage-first heap   total 218112K, used 120197K [0x0000000080000000, 0x0000000100000000)
  region size 1024K, 10 young (10240K), 6 survivors (6144K)
 Metaspace       used 65418K, committed 66048K, reserved 1114112K
  class space    used 8751K, committed 9024K, reserved 1048576K
}
Event: 12.623 GC heap after
{Heap after GC invocations=38 (full 0):
 garbage-first heap   total 218112K, used 115608K [0x0000000080000000, 0x0000000100000000)
  region size 1024K, 1 young (1024K), 1 survivors (1024K)
 Metaspace       used 65418K, committed 66048K, reserved 1114112K
  class space    used 8751K, committed 9024K, reserved 1048576K
}
Event: 13.508 GC heap before
{Heap before GC invocations=38 (full 0):
 garbage-first heap   total 218112K, used 161688K [0x0000000080000000, 0x0000000100000000)
  region size 1024K, 40 young (40960K), 1 survivors (1024K)
 Metaspace       used 70375K, committed 71104K, reserved 1114112K
  class space    used 9424K, committed 9728K, reserved 1048576K
}
Event: 13.513 GC heap after
{Heap after GC invocations=39 (full 0):
 garbage-first heap   total 218112K, used 119427K [0x0000000080000000, 0x0000000100000000)
  region size 1024K, 5 young (5120K), 5 survivors (5120K)
 Metaspace       used 70375K, committed 71104K, reserved 1114112K
  class space    used 9424K, committed 9728K, reserved 1048576K
}
Event: 14.294 GC heap before
{Heap before GC invocations=39 (full 0):
 garbage-first heap   total 218112K, used 158339K [0x0000000080000000, 0x0000000100000000)
  region size 1024K, 44 young (45056K), 5 survivors (5120K)
 Metaspace       used 74156K, committed 74816K, reserved 1122304K
  class space    used 9889K, committed 10176K, reserved 1048576K
}
Event: 14.301 GC heap after
{Heap after GC invocations=40 (full 0):
 garbage-first heap   total 218112K, used 122630K [0x0000000080000000, 0x0000000100000000)
  region size 1024K, 4 young (4096K), 4 survivors (4096K)
 Metaspace       used 74156K, committed 74816K, reserved 1122304K
  class space    used 9889K, committed 10176K, reserved 1048576K
}
Event: 14.883 GC heap before
{Heap before GC invocations=41 (full 0):
 garbage-first heap   total 218112K, used 165638K [0x0000000080000000, 0x0000000100000000)
  region size 1024K, 45 young (46080K), 4 survivors (4096K)
 Metaspace       used 75307K, committed 75968K, reserved 1122304K
  class space    used 10061K, committed 10304K, reserved 1048576K
}
Event: 14.887 GC heap after
{Heap after GC invocations=42 (full 0):
 garbage-first heap   total 218112K, used 123766K [0x0000000080000000, 0x0000000100000000)
  region size 1024K, 5 young (5120K), 5 survivors (5120K)
 Metaspace       used 75307K, committed 75968K, reserved 1122304K
  class space    used 10061K, committed 10304K, reserved 1048576K
}
Event: 14.924 GC heap before
{Heap before GC invocations=42 (full 0):
 garbage-first heap   total 218112K, used 128886K [0x0000000080000000, 0x0000000100000000)
  region size 1024K, 10 young (10240K), 5 survivors (5120K)
 Metaspace       used 75307K, committed 75968K, reserved 1122304K
  class space    used 10061K, committed 10304K, reserved 1048576K
}
Event: 14.927 GC heap after
{Heap after GC invocations=43 (full 0):
 garbage-first heap   total 218112K, used 124158K [0x0000000080000000, 0x0000000100000000)
  region size 1024K, 1 young (1024K), 1 survivors (1024K)
 Metaspace       used 75307K, committed 75968K, reserved 1122304K
  class space    used 10061K, committed 10304K, reserved 1048576K
}
Event: 15.546 GC heap before
{Heap before GC invocations=43 (full 0):
 garbage-first heap   total 218112K, used 170238K [0x0000000080000000, 0x0000000100000000)
  region size 1024K, 46 young (47104K), 1 survivors (1024K)
 Metaspace       used 77965K, committed 78592K, reserved 1122304K
  class space    used 10496K, committed 10752K, reserved 1048576K
}
Event: 15.551 GC heap after
{Heap after GC invocations=44 (full 0):
 garbage-first heap   total 218112K, used 127138K [0x0000000080000000, 0x0000000100000000)
  region size 1024K, 4 young (4096K), 4 survivors (4096K)
 Metaspace       used 77965K, committed 78592K, reserved 1122304K
  class space    used 10496K, committed 10752K, reserved 1048576K
}
Event: 16.217 GC heap before
{Heap before GC invocations=44 (full 0):
 garbage-first heap   total 218112K, used 172194K [0x0000000080000000, 0x0000000100000000)
  region size 1024K, 48 young (49152K), 4 survivors (4096K)
 Metaspace       used 81419K, committed 82048K, reserved 1122304K
  class space    used 11122K, committed 11392K, reserved 1048576K
}
Event: 16.224 GC heap after
{Heap after GC invocations=45 (full 0):
 garbage-first heap   total 218112K, used 130874K [0x0000000080000000, 0x0000000100000000)
  region size 1024K, 4 young (4096K), 4 survivors (4096K)
 Metaspace       used 81419K, committed 82048K, reserved 1122304K
  class space    used 11122K, committed 11392K, reserved 1048576K
}
Event: 16.692 GC heap before
{Heap before GC invocations=45 (full 0):
 garbage-first heap   total 218112K, used 156474K [0x0000000080000000, 0x0000000100000000)
  region size 1024K, 30 young (30720K), 4 survivors (4096K)
 Metaspace       used 83249K, committed 84032K, reserved 1122304K
  class space    used 11375K, committed 11712K, reserved 1048576K
}
Event: 16.698 GC heap after
{Heap after GC invocations=46 (full 0):
 garbage-first heap   total 218112K, used 133449K [0x0000000080000000, 0x0000000100000000)
  region size 1024K, 3 young (3072K), 3 survivors (3072K)
 Metaspace       used 83249K, committed 84032K, reserved 1122304K
  class space    used 11375K, committed 11712K, reserved 1048576K
}
Event: 16.809 GC heap before
{Heap before GC invocations=47 (full 0):
 garbage-first heap   total 261120K, used 157001K [0x0000000080000000, 0x0000000100000000)
  region size 1024K, 6 young (6144K), 3 survivors (3072K)
 Metaspace       used 83216K, committed 84032K, reserved 1122304K
  class space    used 11366K, committed 11712K, reserved 1048576K
}
Event: 16.814 GC heap after
{Heap after GC invocations=48 (full 0):
 garbage-first heap   total 261120K, used 158216K [0x0000000080000000, 0x0000000100000000)
  region size 1024K, 5 young (5120K), 5 survivors (5120K)
 Metaspace       used 83216K, committed 84032K, reserved 1122304K
  class space    used 11366K, committed 11712K, reserved 1048576K
}
Event: 16.822 GC heap before
{Heap before GC invocations=48 (full 0):
 garbage-first heap   total 261120K, used 164360K [0x0000000080000000, 0x0000000100000000)
  region size 1024K, 6 young (6144K), 5 survivors (5120K)
 Metaspace       used 83216K, committed 84032K, reserved 1122304K
  class space    used 11366K, committed 11712K, reserved 1048576K
}
Event: 16.825 GC heap after
{Heap after GC invocations=49 (full 0):
 garbage-first heap   total 261120K, used 164432K [0x0000000080000000, 0x0000000100000000)
  region size 1024K, 3 young (3072K), 3 survivors (3072K)
 Metaspace       used 83216K, committed 84032K, reserved 1122304K
  class space    used 11366K, committed 11712K, reserved 1048576K
}

