# JRE version: OpenJDK Runtime Environment (17.0.6) (build 17.0.6+0-b2043.56-9586694)
# Java VM: OpenJDK 64-Bit Server VM (17.0.6+0-b2043.56-9586694, mixed mode, tiered, compressed oops, compressed class ptrs, g1 gc, windows-amd64)
GC Precious Log:
 CPUs: 8 total, 8 available
 Memory: 6020M
 Large Page Support: Disabled
 NUMA Support: Disabled
 Compressed Oops: Enabled (32-bit)
 Heap Region Size: 1M
 Heap Min Capacity: 8M
 Heap Initial Capacity: 96M
 Heap Max Capacity: 2G
 Pre-touch: Disabled
 Parallel Workers: 8
 Concurrent Workers: 2
 Concurrent Refinement Workers: 8
 Periodic GC: Disabled
Heap:
 garbage-first heap   total 224256K, used 135723K [0x0000000080000000, 0x0000000100000000)
  region size 1024K, 3 young (3072K), 3 survivors (3072K)
 Metaspace       used 88684K, committed 89472K, reserved 1130496K
  class space    used 12062K, committed 12416K, reserved 1048576K
GC Heap History (20 events):
Event: 22.703 GC heap after
{Heap after GC invocations=33 (full 0):
 garbage-first heap   total 186368K, used 117730K [0x0000000080000000, 0x0000000100000000)
  region size 1024K, 1 young (1024K), 1 survivors (1024K)
 Metaspace       used 70823K, committed 71424K, reserved 1114112K
  class space    used 9411K, committed 9664K, reserved 1048576K
}
Event: 23.721 GC heap before
{Heap before GC invocations=33 (full 0):
 garbage-first heap   total 186368K, used 148450K [0x0000000080000000, 0x0000000100000000)
  region size 1024K, 32 young (32768K), 1 survivors (1024K)
 Metaspace       used 75444K, committed 76160K, reserved 1122304K
  class space    used 10068K, committed 10368K, reserved 1048576K
}
Event: 23.728 GC heap after
{Heap after GC invocations=34 (full 0):
 garbage-first heap   total 186368K, used 119681K [0x0000000080000000, 0x0000000100000000)
  region size 1024K, 3 young (3072K), 3 survivors (3072K)
 Metaspace       used 75444K, committed 76160K, reserved 1122304K
  class space    used 10068K, committed 10368K, reserved 1048576K
}
Event: 24.582 GC heap before
{Heap before GC invocations=35 (full 0):
 garbage-first heap   total 219136K, used 159617K [0x0000000080000000, 0x0000000100000000)
  region size 1024K, 36 young (36864K), 3 survivors (3072K)
 Metaspace       used 77776K, committed 78400K, reserved 1122304K
  class space    used 10372K, committed 10624K, reserved 1048576K
}
Event: 24.591 GC heap after
{Heap after GC invocations=36 (full 0):
 garbage-first heap   total 219136K, used 122506K [0x0000000080000000, 0x0000000100000000)
  region size 1024K, 5 young (5120K), 5 survivors (5120K)
 Metaspace       used 77776K, committed 78400K, reserved 1122304K
  class space    used 10372K, committed 10624K, reserved 1048576K
}
Event: 24.691 GC heap before
{Heap before GC invocations=36 (full 0):
 garbage-first heap   total 219136K, used 127626K [0x0000000080000000, 0x0000000100000000)
  region size 1024K, 10 young (10240K), 5 survivors (5120K)
 Metaspace       used 78134K, committed 78784K, reserved 1122304K
  class space    used 10415K, committed 10688K, reserved 1048576K
}
Event: 24.699 GC heap after
{Heap after GC invocations=37 (full 0):
 garbage-first heap   total 219136K, used 122898K [0x0000000080000000, 0x0000000100000000)
  region size 1024K, 1 young (1024K), 1 survivors (1024K)
 Metaspace       used 78134K, committed 78784K, reserved 1122304K
  class space    used 10415K, committed 10688K, reserved 1048576K
}
Event: 25.023 GC heap before
{Heap before GC invocations=37 (full 0):
 garbage-first heap   total 219136K, used 137234K [0x0000000080000000, 0x0000000100000000)
  region size 1024K, 16 young (16384K), 1 survivors (1024K)
 Metaspace       used 79539K, committed 80192K, reserved 1122304K
  class space    used 10581K, committed 10880K, reserved 1048576K
}
Event: 25.028 GC heap after
{Heap after GC invocations=38 (full 0):
 garbage-first heap   total 219136K, used 123802K [0x0000000080000000, 0x0000000100000000)
  region size 1024K, 2 young (2048K), 2 survivors (2048K)
 Metaspace       used 79539K, committed 80192K, reserved 1122304K
  class space    used 10581K, committed 10880K, reserved 1048576K
}
Event: 25.931 GC heap before
{Heap before GC invocations=39 (full 0):
 garbage-first heap   total 219136K, used 173978K [0x0000000080000000, 0x0000000100000000)
  region size 1024K, 50 young (51200K), 2 survivors (2048K)
 Metaspace       used 80743K, committed 81344K, reserved 1122304K
  class space    used 10757K, committed 11008K, reserved 1048576K
}
Event: 25.936 GC heap after
{Heap after GC invocations=40 (full 0):
 garbage-first heap   total 219136K, used 125362K [0x0000000080000000, 0x0000000100000000)
  region size 1024K, 4 young (4096K), 4 survivors (4096K)
 Metaspace       used 80743K, committed 81344K, reserved 1122304K
  class space    used 10757K, committed 11008K, reserved 1048576K
}
Event: 25.993 GC heap before
{Heap before GC invocations=40 (full 0):
 garbage-first heap   total 219136K, used 131506K [0x0000000080000000, 0x0000000100000000)
  region size 1024K, 10 young (10240K), 4 survivors (4096K)
 Metaspace       used 80773K, committed 81408K, reserved 1122304K
  class space    used 10760K, committed 11008K, reserved 1048576K
}
Event: 25.999 GC heap after
{Heap after GC invocations=41 (full 0):
 garbage-first heap   total 219136K, used 126176K [0x0000000080000000, 0x0000000100000000)
  region size 1024K, 1 young (1024K), 1 survivors (1024K)
 Metaspace       used 80773K, committed 81408K, reserved 1122304K
  class space    used 10760K, committed 11008K, reserved 1048576K
}
Event: 27.587 GC heap before
{Heap before GC invocations=41 (full 0):
 garbage-first heap   total 219136K, used 179424K [0x0000000080000000, 0x0000000100000000)
  region size 1024K, 53 young (54272K), 1 survivors (1024K)
 Metaspace       used 85373K, committed 86016K, reserved 1130496K
  class space    used 11601K, committed 11904K, reserved 1048576K
}
Event: 27.594 GC heap after
{Heap after GC invocations=42 (full 0):
 garbage-first heap   total 219136K, used 129571K [0x0000000080000000, 0x0000000100000000)
  region size 1024K, 5 young (5120K), 5 survivors (5120K)
 Metaspace       used 85373K, committed 86016K, reserved 1130496K
  class space    used 11601K, committed 11904K, reserved 1048576K
}
Event: 28.414 GC heap before
{Heap before GC invocations=43 (full 0):
 garbage-first heap   total 224256K, used 180771K [0x0000000080000000, 0x0000000100000000)
  region size 1024K, 55 young (56320K), 5 survivors (5120K)
 Metaspace       used 87511K, committed 88128K, reserved 1130496K
  class space    used 11901K, committed 12160K, reserved 1048576K
}
Event: 28.425 GC heap after
{Heap after GC invocations=44 (full 0):
 garbage-first heap   total 224256K, used 133742K [0x0000000080000000, 0x0000000100000000)
  region size 1024K, 7 young (7168K), 7 survivors (7168K)
 Metaspace       used 87511K, committed 88128K, reserved 1130496K
  class space    used 11901K, committed 12160K, reserved 1048576K
}
Event: 28.554 GC heap before
{Heap before GC invocations=44 (full 0):
 garbage-first heap   total 224256K, used 135790K [0x0000000080000000, 0x0000000100000000)
  region size 1024K, 10 young (10240K), 7 survivors (7168K)
 Metaspace       used 87954K, committed 88640K, reserved 1130496K
  class space    used 11962K, committed 12224K, reserved 1048576K
}
Event: 28.563 GC heap after
{Heap after GC invocations=45 (full 0):
 garbage-first heap   total 224256K, used 134919K [0x0000000080000000, 0x0000000100000000)
  region size 1024K, 2 young (2048K), 2 survivors (2048K)
 Metaspace       used 87954K, committed 88640K, reserved 1130496K
  class space    used 11962K, committed 12224K, reserved 1048576K
}
Event: 28.780 GC heap before
{Heap before GC invocations=45 (full 0):
 garbage-first heap   total 224256K, used 139015K [0x0000000080000000, 0x0000000100000000)
  region size 1024K, 7 young (7168K), 2 survivors (2048K)
 Metaspace       used 88684K, committed 89472K, reserved 1130496K
  class space    used 12062K, committed 12416K, reserved 1048576K
}

