# JRE version: OpenJDK Runtime Environment (17.0.6) (build 17.0.6+0-b2043.56-9586694)
# Java VM: OpenJDK 64-Bit Server VM (17.0.6+0-b2043.56-9586694, mixed mode, tiered, compressed oops, compressed class ptrs, g1 gc, windows-amd64)
GC Precious Log:
 CPUs: 8 total, 8 available
 Memory: 6020M
 Large Page Support: Disabled
 NUMA Support: Disabled
 Compressed Oops: Enabled (32-bit)
 Heap Region Size: 1M
 Heap Min Capacity: 8M
 Heap Initial Capacity: 96M
 Heap Max Capacity: 2G
 Pre-touch: Disabled
 Parallel Workers: 8
 Concurrent Workers: 2
 Concurrent Refinement Workers: 8
 Periodic GC: Disabled
Heap:
 garbage-first heap   total 295936K, used 191548K [0x0000000080000000, 0x0000000100000000)
  region size 1024K, 19 young (19456K), 7 survivors (7168K)
 Metaspace       used 104973K, committed 105792K, reserved 1146880K
  class space    used 14187K, committed 14592K, reserved 1048576K
GC Heap History (20 events):
Event: 13.251 GC heap before
{Heap before GC invocations=45 (full 0):
 garbage-first heap   total 229376K, used 137301K [0x0000000080000000, 0x0000000100000000)
  region size 1024K, 21 young (21504K), 5 survivors (5120K)
 Metaspace       used 74054K, committed 74752K, reserved 1114112K
  class space    used 9886K, committed 10176K, reserved 1048576K
}
Event: 13.257 GC heap after
{Heap after GC invocations=46 (full 0):
 garbage-first heap   total 275456K, used 123476K [0x0000000080000000, 0x0000000100000000)
  region size 1024K, 2 young (2048K), 2 survivors (2048K)
 Metaspace       used 74054K, committed 74752K, reserved 1114112K
  class space    used 9886K, committed 10176K, reserved 1048576K
}
Event: 14.169 GC heap before
{Heap before GC invocations=46 (full 0):
 garbage-first heap   total 275456K, used 198228K [0x0000000080000000, 0x0000000100000000)
  region size 1024K, 74 young (75776K), 2 survivors (2048K)
 Metaspace       used 75441K, committed 76096K, reserved 1122304K
  class space    used 10085K, committed 10368K, reserved 1048576K
}
Event: 14.176 GC heap after
{Heap after GC invocations=47 (full 0):
 garbage-first heap   total 275456K, used 127206K [0x0000000080000000, 0x0000000100000000)
  region size 1024K, 6 young (6144K), 6 survivors (6144K)
 Metaspace       used 75441K, committed 76096K, reserved 1122304K
  class space    used 10085K, committed 10368K, reserved 1048576K
}
Event: 15.527 GC heap before
{Heap before GC invocations=47 (full 0):
 garbage-first heap   total 275456K, used 219366K [0x0000000080000000, 0x0000000100000000)
  region size 1024K, 96 young (98304K), 6 survivors (6144K)
 Metaspace       used 82981K, committed 83776K, reserved 1122304K
  class space    used 11341K, committed 11712K, reserved 1048576K
}
Event: 15.538 GC heap after
{Heap after GC invocations=48 (full 0):
 garbage-first heap   total 275456K, used 133955K [0x0000000080000000, 0x0000000100000000)
  region size 1024K, 12 young (12288K), 12 survivors (12288K)
 Metaspace       used 82981K, committed 83776K, reserved 1122304K
  class space    used 11341K, committed 11712K, reserved 1048576K
}
Event: 15.578 GC heap before
{Heap before GC invocations=48 (full 0):
 garbage-first heap   total 275456K, used 137027K [0x0000000080000000, 0x0000000100000000)
  region size 1024K, 14 young (14336K), 12 survivors (12288K)
 Metaspace       used 83246K, committed 84032K, reserved 1122304K
  class space    used 11374K, committed 11712K, reserved 1048576K
}
Event: 15.586 GC heap after
{Heap after GC invocations=49 (full 0):
 garbage-first heap   total 275456K, used 137802K [0x0000000080000000, 0x0000000100000000)
  region size 1024K, 2 young (2048K), 2 survivors (2048K)
 Metaspace       used 83246K, committed 84032K, reserved 1122304K
  class space    used 11374K, committed 11712K, reserved 1048576K
}
Event: 15.687 GC heap before
{Heap before GC invocations=50 (full 0):
 garbage-first heap   total 275456K, used 163402K [0x0000000080000000, 0x0000000100000000)
  region size 1024K, 4 young (4096K), 2 survivors (2048K)
 Metaspace       used 83252K, committed 84032K, reserved 1122304K
  class space    used 11374K, committed 11712K, reserved 1048576K
}
Event: 15.689 GC heap after
{Heap after GC invocations=51 (full 0):
 garbage-first heap   total 275456K, used 163560K [0x0000000080000000, 0x0000000100000000)
  region size 1024K, 3 young (3072K), 3 survivors (3072K)
 Metaspace       used 83252K, committed 84032K, reserved 1122304K
  class space    used 11374K, committed 11712K, reserved 1048576K
}
Event: 16.514 GC heap before
{Heap before GC invocations=52 (full 0):
 garbage-first heap   total 283648K, used 202472K [0x0000000080000000, 0x0000000100000000)
  region size 1024K, 40 young (40960K), 3 survivors (3072K)
 Metaspace       used 86526K, committed 87296K, reserved 1130496K
  class space    used 11867K, committed 12224K, reserved 1048576K
}
Event: 16.520 GC heap after
{Heap after GC invocations=53 (full 0):
 garbage-first heap   total 283648K, used 170482K [0x0000000080000000, 0x0000000100000000)
  region size 1024K, 5 young (5120K), 5 survivors (5120K)
 Metaspace       used 86526K, committed 87296K, reserved 1130496K
  class space    used 11867K, committed 12224K, reserved 1048576K
}
Event: 16.625 GC heap before
{Heap before GC invocations=53 (full 0):
 garbage-first heap   total 283648K, used 181746K [0x0000000080000000, 0x0000000100000000)
  region size 1024K, 17 young (17408K), 5 survivors (5120K)
 Metaspace       used 87326K, committed 88064K, reserved 1130496K
  class space    used 11949K, committed 12288K, reserved 1048576K
}
Event: 16.629 GC heap after
{Heap after GC invocations=54 (full 0):
 garbage-first heap   total 283648K, used 171849K [0x0000000080000000, 0x0000000100000000)
  region size 1024K, 5 young (5120K), 5 survivors (5120K)
 Metaspace       used 87326K, committed 88064K, reserved 1130496K
  class space    used 11949K, committed 12288K, reserved 1048576K
}
Event: 17.645 GC heap before
{Heap before GC invocations=55 (full 0):
 garbage-first heap   total 295936K, used 215881K [0x0000000080000000, 0x0000000100000000)
  region size 1024K, 47 young (48128K), 5 survivors (5120K)
 Metaspace       used 94422K, committed 95168K, reserved 1138688K
  class space    used 12859K, committed 13184K, reserved 1048576K
}
Event: 17.651 GC heap after
{Heap after GC invocations=56 (full 0):
 garbage-first heap   total 295936K, used 173592K [0x0000000080000000, 0x0000000100000000)
  region size 1024K, 3 young (3072K), 3 survivors (3072K)
 Metaspace       used 94422K, committed 95168K, reserved 1138688K
  class space    used 12859K, committed 13184K, reserved 1048576K
}
Event: 18.000 GC heap before
{Heap before GC invocations=56 (full 0):
 garbage-first heap   total 295936K, used 184856K [0x0000000080000000, 0x0000000100000000)
  region size 1024K, 14 young (14336K), 3 survivors (3072K)
 Metaspace       used 95416K, committed 96128K, reserved 1138688K
  class space    used 13063K, committed 13376K, reserved 1048576K
}
Event: 18.006 GC heap after
{Heap after GC invocations=57 (full 0):
 garbage-first heap   total 295936K, used 174146K [0x0000000080000000, 0x0000000100000000)
  region size 1024K, 2 young (2048K), 2 survivors (2048K)
 Metaspace       used 95416K, committed 96128K, reserved 1138688K
  class space    used 13063K, committed 13376K, reserved 1048576K
}
Event: 20.555 GC heap before
{Heap before GC invocations=57 (full 0):
 garbage-first heap   total 295936K, used 226370K [0x0000000080000000, 0x0000000100000000)
  region size 1024K, 53 young (54272K), 2 survivors (2048K)
 Metaspace       used 104631K, committed 105408K, reserved 1146880K
  class space    used 14154K, committed 14528K, reserved 1048576K
}
Event: 20.565 GC heap after
{Heap after GC invocations=58 (full 0):
 garbage-first heap   total 295936K, used 180284K [0x0000000080000000, 0x0000000100000000)
  region size 1024K, 7 young (7168K), 7 survivors (7168K)
 Metaspace       used 104631K, committed 105408K, reserved 1146880K
  class space    used 14154K, committed 14528K, reserved 1048576K
}

