# JRE version: OpenJDK Runtime Environment (17.0.6) (build 17.0.6+0-b2043.56-9586694)
# Java VM: OpenJDK 64-Bit Server VM (17.0.6+0-b2043.56-9586694, mixed mode, tiered, compressed oops, compressed class ptrs, g1 gc, windows-amd64)
GC Precious Log:
 CPUs: 8 total, 8 available
 Memory: 6020M
 Large Page Support: Disabled
 NUMA Support: Disabled
 Compressed Oops: Enabled (32-bit)
 Heap Region Size: 1M
 Heap Min Capacity: 8M
 Heap Initial Capacity: 96M
 Heap Max Capacity: 2G
 Pre-touch: Disabled
 Parallel Workers: 8
 Concurrent Workers: 2
 Concurrent Refinement Workers: 8
 Periodic GC: Disabled
Heap:
 garbage-first heap   total 304128K, used 185475K [0x0000000080000000, 0x0000000100000000)
  region size 1024K, 6 young (6144K), 6 survivors (6144K)
 Metaspace       used 100372K, committed 101120K, reserved 1138688K
  class space    used 13523K, committed 13888K, reserved 1048576K
GC Heap History (20 events):
Event: 17.754 GC heap after
{Heap after GC invocations=34 (full 0):
 garbage-first heap   total 266240K, used 112835K [0x0000000080000000, 0x0000000100000000)
  region size 1024K, 6 young (6144K), 6 survivors (6144K)
 Metaspace       used 60104K, committed 60672K, reserved 1105920K
  class space    used 8076K, committed 8320K, reserved 1048576K
}
Event: 20.082 GC heap before
{Heap before GC invocations=34 (full 0):
 garbage-first heap   total 266240K, used 173251K [0x0000000080000000, 0x0000000100000000)
  region size 1024K, 64 young (65536K), 6 survivors (6144K)
 Metaspace       used 69696K, committed 70336K, reserved 1114112K
  class space    used 9338K, committed 9664K, reserved 1048576K
}
Event: 20.090 GC heap after
{Heap after GC invocations=35 (full 0):
 garbage-first heap   total 266240K, used 117672K [0x0000000080000000, 0x0000000100000000)
  region size 1024K, 8 young (8192K), 8 survivors (8192K)
 Metaspace       used 69696K, committed 70336K, reserved 1114112K
  class space    used 9338K, committed 9664K, reserved 1048576K
}
Event: 21.717 GC heap before
{Heap before GC invocations=35 (full 0):
 garbage-first heap   total 266240K, used 189352K [0x0000000080000000, 0x0000000100000000)
  region size 1024K, 71 young (72704K), 8 survivors (8192K)
 Metaspace       used 74985K, committed 75648K, reserved 1122304K
  class space    used 10017K, committed 10304K, reserved 1048576K
}
Event: 21.755 GC heap after
{Heap after GC invocations=36 (full 0):
 garbage-first heap   total 266240K, used 122643K [0x0000000080000000, 0x0000000100000000)
  region size 1024K, 9 young (9216K), 9 survivors (9216K)
 Metaspace       used 74985K, committed 75648K, reserved 1122304K
  class space    used 10017K, committed 10304K, reserved 1048576K
}
Event: 23.072 GC heap before
{Heap before GC invocations=36 (full 0):
 garbage-first heap   total 266240K, used 191251K [0x0000000080000000, 0x0000000100000000)
  region size 1024K, 76 young (77824K), 9 survivors (9216K)
 Metaspace       used 76256K, committed 76928K, reserved 1122304K
  class space    used 10182K, committed 10496K, reserved 1048576K
}
Event: 23.090 GC heap after
{Heap after GC invocations=37 (full 0):
 garbage-first heap   total 266240K, used 127324K [0x0000000080000000, 0x0000000100000000)
  region size 1024K, 5 young (5120K), 5 survivors (5120K)
 Metaspace       used 76256K, committed 76928K, reserved 1122304K
  class space    used 10182K, committed 10496K, reserved 1048576K
}
Event: 24.973 GC heap before
{Heap before GC invocations=37 (full 0):
 garbage-first heap   total 266240K, used 204124K [0x0000000080000000, 0x0000000100000000)
  region size 1024K, 80 young (81920K), 5 survivors (5120K)
 Metaspace       used 81977K, committed 82752K, reserved 1122304K
  class space    used 11210K, committed 11584K, reserved 1048576K
}
Event: 24.987 GC heap after
{Heap after GC invocations=38 (full 0):
 garbage-first heap   total 266240K, used 132215K [0x0000000080000000, 0x0000000100000000)
  region size 1024K, 10 young (10240K), 10 survivors (10240K)
 Metaspace       used 81977K, committed 82752K, reserved 1122304K
  class space    used 11210K, committed 11584K, reserved 1048576K
}
Event: 28.518 GC heap before
{Heap before GC invocations=39 (full 0):
 garbage-first heap   total 266240K, used 236663K [0x0000000080000000, 0x0000000100000000)
  region size 1024K, 83 young (84992K), 10 survivors (10240K)
 Metaspace       used 89789K, committed 90560K, reserved 1130496K
  class space    used 12198K, committed 12544K, reserved 1048576K
}
Event: 28.551 GC heap after
{Heap after GC invocations=40 (full 0):
 garbage-first heap   total 266240K, used 171762K [0x0000000080000000, 0x0000000100000000)
  region size 1024K, 11 young (11264K), 11 survivors (11264K)
 Metaspace       used 89789K, committed 90560K, reserved 1130496K
  class space    used 12198K, committed 12544K, reserved 1048576K
}
Event: 28.692 GC heap before
{Heap before GC invocations=40 (full 0):
 garbage-first heap   total 266240K, used 173810K [0x0000000080000000, 0x0000000100000000)
  region size 1024K, 13 young (13312K), 11 survivors (11264K)
 Metaspace       used 90081K, committed 90816K, reserved 1130496K
  class space    used 12256K, committed 12608K, reserved 1048576K
}
Event: 28.705 GC heap after
{Heap after GC invocations=41 (full 0):
 garbage-first heap   total 266240K, used 173547K [0x0000000080000000, 0x0000000100000000)
  region size 1024K, 2 young (2048K), 2 survivors (2048K)
 Metaspace       used 90081K, committed 90816K, reserved 1130496K
  class space    used 12256K, committed 12608K, reserved 1048576K
}
Event: 33.028 GC heap before
{Heap before GC invocations=41 (full 0):
 garbage-first heap   total 266240K, used 218603K [0x0000000080000000, 0x0000000100000000)
  region size 1024K, 46 young (47104K), 2 survivors (2048K)
 Metaspace       used 96247K, committed 97024K, reserved 1138688K
  class space    used 13165K, committed 13504K, reserved 1048576K
}
Event: 33.045 GC heap after
{Heap after GC invocations=42 (full 0):
 garbage-first heap   total 266240K, used 175686K [0x0000000080000000, 0x0000000100000000)
  region size 1024K, 4 young (4096K), 4 survivors (4096K)
 Metaspace       used 96247K, committed 97024K, reserved 1138688K
  class space    used 13165K, committed 13504K, reserved 1048576K
}
Event: 34.883 GC heap before
{Heap before GC invocations=43 (full 0):
 garbage-first heap   total 304128K, used 217670K [0x0000000080000000, 0x0000000100000000)
  region size 1024K, 45 young (46080K), 4 survivors (4096K)
 Metaspace       used 99271K, committed 100096K, reserved 1138688K
  class space    used 13439K, committed 13824K, reserved 1048576K
}
Event: 34.892 GC heap after
{Heap after GC invocations=44 (full 0):
 garbage-first heap   total 304128K, used 180783K [0x0000000080000000, 0x0000000100000000)
  region size 1024K, 5 young (5120K), 5 survivors (5120K)
 Metaspace       used 99271K, committed 100096K, reserved 1138688K
  class space    used 13439K, committed 13824K, reserved 1048576K
}
Event: 35.007 GC heap before
{Heap before GC invocations=44 (full 0):
 garbage-first heap   total 304128K, used 188975K [0x0000000080000000, 0x0000000100000000)
  region size 1024K, 14 young (14336K), 5 survivors (5120K)
 Metaspace       used 99290K, committed 100096K, reserved 1138688K
  class space    used 13439K, committed 13824K, reserved 1048576K
}
Event: 35.012 GC heap after
{Heap after GC invocations=45 (full 0):
 garbage-first heap   total 304128K, used 181174K [0x0000000080000000, 0x0000000100000000)
  region size 1024K, 1 young (1024K), 1 survivors (1024K)
 Metaspace       used 99290K, committed 100096K, reserved 1138688K
  class space    used 13439K, committed 13824K, reserved 1048576K
}
Event: 36.500 GC heap before
{Heap before GC invocations=45 (full 0):
 garbage-first heap   total 304128K, used 248758K [0x0000000080000000, 0x0000000100000000)
  region size 1024K, 68 young (69632K), 1 survivors (1024K)
 Metaspace       used 100372K, committed 101120K, reserved 1138688K
  class space    used 13523K, committed 13888K, reserved 1048576K
}

